#
# A fatal error has been detected by the Java Runtime Environment:
#
#  EXCEPTION_ACCESS_VIOLATION (0xc0000005) at pc=0x00007ffa6c8163b7, pid=64084, tid=60912
#
# JRE version: OpenJDK Runtime Environment (19.0.1+10) (build 19.0.1+10-21)
# Java VM: OpenJDK 64-Bit Server VM (19.0.1+10-21, mixed mode, sharing, tiered, compressed oops, compressed class ptrs, g1 gc, windows-amd64)
# Problematic frame:
# C  [glass.dll+0x263b7]
#
# No core dump will be written. Minidumps are not enabled by default on client versions of Windows
#
# If you would like to submit a bug report, please visit:
#   https://bugreport.java.com/bugreport/crash.jsp
#

---------------  S U M M A R Y ------------

Command Line: -javaagent:C:\Program Files\JetBrains\IntelliJ IDEA 2022.2.4\lib\idea_rt.jar=58783:C:\Program Files\JetBrains\IntelliJ IDEA 2022.2.4\bin -Dfile.encoding=UTF-8 -Dsun.stdout.encoding=UTF-8 -Dsun.stderr.encoding=UTF-8 --module-path=C:\Users\Арина\.m2\repository\org\projectlombok\lombok\1.18.24\lombok-1.18.24.jar;C:\Users\Арина\.m2\repository\org\openjfx\javafx-graphics\19-ea+7\javafx-graphics-19-ea+7-win.jar;C:\Users\Арина\.m2\repository\com\google\code\gson\gson\2.10\gson-2.10.jar;C:\Users\Арина\.m2\repository\org\apache\httpcomponents\httpclient\4.5.13\httpclient-4.5.13.jar;C:\Users\Арина\IdeaProjects\GKA_interface\target\classes;C:\Users\Арина\.m2\repository\org\apache\httpcomponents\httpcore\4.4.13\httpcore-4.4.13.jar;C:\Users\Арина\.m2\repository\org\openjfx\javafx-base\19-ea+7\javafx-base-19-ea+7-win.jar;C:\Users\Арина\.m2\repository\org\openjfx\javafx-controls\19-ea+7\javafx-controls-19-ea+7-win.jar;C:\Users\Арина\.m2\repository\org\openjfx\javafx-fxml\19-ea+7\javafx-fxml-19-ea+7-win.jar -Djdk.module.main=com.example.gka_interface com.example.gka_interface/com.example.gka_interface.HelloApplication

Host: Intel(R) Core(TM) i5-1035G1 CPU @ 1.00GHz, 8 cores, 7G,  Windows 10 , 64 bit Build 19041 (10.0.19041.2251)
Time: Fri Dec  9 01:03:57 2022 RTZ 2 (s 10 , 64 bit Build 19041 (10.0.19041.2251) elapsed time: 21.372184 seconds (0d 0h 0m 21s)

---------------  T H R E A D  ---------------

Current thread (0x00000150e8c7cd50):  VMThread "VM Thread" [stack: 0x0000003183b00000,0x0000003183c00000] [id=60912]

Stack: [0x0000003183b00000,0x0000003183c00000],  sp=0x0000003183bff1d0,  free space=1020k
Native frames: (J=compiled Java code, j=interpreted, Vv=VM code, C=native code)
C  [glass.dll+0x263b7]


siginfo: EXCEPTION_ACCESS_VIOLATION (0xc0000005), reading address 0x0000000000000000


Registers:
RAX=0x0000000000000000, RBX=0x00000150e8c90878, RCX=0x00000150e8c7cd50, RDX=0x0000003183bff1d0
RSP=0x0000003183bff1d0, RBP=0x00000150ed880ea8, RSI=0x00000150ed880e80, RDI=0x00008e901f3297b4
R8 =0x0000000000010002, R9 =0x00008e901f3297b4, R10=0x0000000000008000, R11=0x0000003183bff160
R12=0x00007ffa6c813cf0, R13=0x00007ffa48d172a0, R14=0x0000003183bff2c8, R15=0x00000150ed880e80
RIP=0x00007ffa6c8163b7, EFLAGS=0x0000000000010202


Register to memory mapping:

RIP=0x00007ffa6c8163b7 glass.dll
RAX=0x0 is NULL
RBX=0x00000150e8c90878 is a global jni handle
RCX=0x00000150e8c7cd50 points into unknown readable memory: 0x00007ffa48b245d8 | d8 45 b2 48 fa 7f 00 00
RDX=0x0000003183bff1d0 points into unknown readable memory: 0x0000000000000000 | 00 00 00 00 00 00 00 00
RSP=0x0000003183bff1d0 points into unknown readable memory: 0x0000000000000000 | 00 00 00 00 00 00 00 00
RBP=0x00000150ed880ea8 points into unknown readable memory: 0x00008e901f3297b4 | b4 97 32 1f 90 8e 00 00
RSI=0x00000150ed880e80 points into unknown readable memory: 0x80808e97e0945fa7 | a7 5f 94 e0 97 8e 80 80
RDI=0x00008e901f3297b4 is an unknown value
R8 =0x0000000000010002 is an unknown value
R9 =0x00008e901f3297b4 is an unknown value
R10=0x0000000000008000 is an unknown value
R11=0x0000003183bff160 points into unknown readable memory: 0x00000150ed880e80 | 80 0e 88 ed 50 01 00 00
R12=0x00007ffa6c813cf0 glass.dll
R13=0x00007ffa48d172a0 jvm.dll
R14=0x0000003183bff2c8 points into unknown readable memory: 0x0000003183bff2b0 | b0 f2 bf 83 31 00 00 00
R15=0x00000150ed880e80 points into unknown readable memory: 0x80808e97e0945fa7 | a7 5f 94 e0 97 8e 80 80


Top of Stack: (sp=0x0000003183bff1d0)
0x0000003183bff1d0:   0000000000000000 00000150ed880e80
0x0000003183bff1e0:   00007ffa48d172a0 00007ffa6c813cf0
0x0000003183bff1f0:   00000150ed880e88 00007ffa8e6f42d6
0x0000003183bff200:   00008e901f3297b4 0000015000000000
0x0000003183bff210:   00000150ed880ea8 00000150ed880e80
0x0000003183bff220:   fffffffffffffffe 0000000000000000
0x0000003183bff230:   0000000000000001 00007ffa6c7f0000
0x0000003183bff240:   0000003183bff2b8 00007ffa8e6f41fb
0x0000003183bff250:   0000000000000000 0000003183bff2c8
0x0000003183bff260:   0000003183bff590 00007ffa8e7d0e40
0x0000003183bff270:   0000000000000001 00007ffa8e6f41b4
0x0000003183bff280:   0000000000000000 0000000000000001
0x0000003183bff290:   00007ffa00000001 0000003183bff2b8
0x0000003183bff2a0:   0000000000000000 00007ffa6c813b7d
0x0000003183bff2b0:   00007ffa6c829f88 00007ffa00000002
0x0000003183bff2c0:   0000000000000002 0000003183bff2b0 

Instructions: (pc=0x00007ffa6c8163b7)
0x00007ffa6c8162b7:   8b 4d 58 e8 7d cf ff ff 48 8b 4d 60 e8 74 cf ff
0x00007ffa6c8162c7:   ff 48 8b 95 80 00 00 00 48 8b 8d 18 01 00 00 e8
0x00007ffa6c8162d7:   66 c4 ff ff 33 d2 33 c9 e8 bc e1 ff ff 90 48 89
0x00007ffa6c8162e7:   54 24 10 55 48 83 ec 20 48 8b ea 48 b8 00 00 00
0x00007ffa6c8162f7:   00 00 00 00 00 48 83 c4 20 5d c3 cc 40 55 48 8b
0x00007ffa6c816307:   ea 48 8b 01 33 c9 81 38 05 00 00 c0 0f 94 c1 8b
0x00007ffa6c816317:   c1 5d c3 cc 40 55 48 83 ec 20 48 8b ea 8a 4d 40
0x00007ffa6c816327:   48 83 c4 20 5d e9 63 d3 ff ff cc 40 55 48 83 ec
0x00007ffa6c816337:   20 48 8b ea 8a 4d 20 e8 51 d3 ff ff 90 48 83 c4
0x00007ffa6c816347:   20 5d c3 cc 40 55 48 83 ec 20 48 8b ea 48 83 c4
0x00007ffa6c816357:   20 5d e9 b2 d1 ff ff cc 40 55 48 83 ec 30 48 8b
0x00007ffa6c816367:   ea 48 8b 01 8b 10 48 89 4c 24 28 89 54 24 20 4c
0x00007ffa6c816377:   8d 0d 53 d6 ff ff 4c 8b 45 70 8b 55 68 48 8b 4d
0x00007ffa6c816387:   60 e8 f3 d0 ff ff 90 48 83 c4 30 5d c3 cc cc cc
0x00007ffa6c816397:   cc cc cc cc cc cc cc cc cc 40 53 48 83 ec 20 48
0x00007ffa6c8163a7:   8b 1d db 35 01 00 48 85 db 74 16 e8 79 8b ff ff
0x00007ffa6c8163b7:   4c 8b 00 48 8b d3 48 8b c8 41 ff 90 b0 00 00 00
0x00007ffa6c8163c7:   90 48 83 c4 20 5b c3 cc cc 40 53 48 83 ec 20 48
0x00007ffa6c8163d7:   8b 1d 4b 37 01 00 48 85 db 74 57 b8 ff ff ff ff
0x00007ffa6c8163e7:   f0 0f c1 43 10 83 f8 01 75 3d 48 85 db 74 38 48
0x00007ffa6c8163f7:   8b 0b 48 85 c9 74 0d ff 15 a4 0e 00 00 48 c7 03
0x00007ffa6c816407:   00 00 00 00 48 8b 4b 08 48 85 c9 74 0d e8 23 ce
0x00007ffa6c816417:   ff ff 48 c7 43 08 00 00 00 00 ba 18 00 00 00 48
0x00007ffa6c816427:   8b cb e8 0e ce ff ff 48 c7 05 ef 36 01 00 00 00
0x00007ffa6c816437:   00 00 48 83 c4 20 5b c3 cc 40 53 48 83 ec 20 48
0x00007ffa6c816447:   8b 1d bb 36 01 00 48 85 db 74 57 b8 ff ff ff ff
0x00007ffa6c816457:   f0 0f c1 43 10 83 f8 01 75 3d 48 85 db 74 38 48
0x00007ffa6c816467:   8b 0b 48 85 c9 74 0d ff 15 34 0e 00 00 48 c7 03
0x00007ffa6c816477:   00 00 00 00 48 8b 4b 08 48 85 c9 74 0d e8 b3 cd
0x00007ffa6c816487:   ff ff 48 c7 43 08 00 00 00 00 ba 18 00 00 00 48
0x00007ffa6c816497:   8b cb e8 9e cd ff ff 48 c7 05 5f 36 01 00 00 00
0x00007ffa6c8164a7:   00 00 48 83 c4 20 5b c3 cc 40 53 48 83 ec 20 48 


Stack slot to memory mapping:
stack at sp + 0 slots: 0x0 is NULL
stack at sp + 1 slots: 0x00000150ed880e80 points into unknown readable memory: 0x80808e97e0945fa7 | a7 5f 94 e0 97 8e 80 80
stack at sp + 2 slots: 0x00007ffa48d172a0 jvm.dll
stack at sp + 3 slots: 0x00007ffa6c813cf0 glass.dll
stack at sp + 4 slots: 0x00000150ed880e88 points into unknown readable memory: 0x00008e901f3297b4 | b4 97 32 1f 90 8e 00 00
stack at sp + 5 slots: 0x00007ffa8e6f42d6 ucrtbase.dll
stack at sp + 6 slots: 0x00008e901f3297b4 is an unknown value
stack at sp + 7 slots: 0x0000015000000000 is an unknown value

VM_Operation (0x00000031863ff370): Exit, mode: safepoint, requested by thread 0x00000150f2dad8d0


---------------  P R O C E S S  ---------------

Threads class SMR info:
_java_thread_list=0x00000150f3cdd9c0, length=20, elements={
0x00000150ca59b520, 0x00000150e8c98e60, 0x00000150e8c99d40, 0x00000150e8ca7950,
0x00000150e8ca9600, 0x00000150e8caa520, 0x00000150e8cace90, 0x00000150e8cae380,
0x00000150e8caef30, 0x00000150e8c6aef0, 0x00000150ed63fa80, 0x00000150ed1d8450,
0x00000150ed60cee0, 0x00000150ed8f1300, 0x00000150ed93fab0, 0x00000150edace760,
0x00000150f2f6fd70, 0x00000150f2dab3a0, 0x00000150f2dace30, 0x00000150f2dad8d0
}

Java Threads: ( => current thread )
  0x00000150ca59b520 JavaThread "main" [_thread_blocked, id=34288, stack(0x0000003183500000,0x0000003183600000)]
  0x00000150e8c98e60 JavaThread "Reference Handler" daemon [_thread_blocked, id=127540, stack(0x0000003183c00000,0x0000003183d00000)]
  0x00000150e8c99d40 JavaThread "Finalizer" daemon [_thread_blocked, id=16236, stack(0x0000003183d00000,0x0000003183e00000)]
  0x00000150e8ca7950 JavaThread "Attach Listener" daemon [_thread_blocked, id=130044, stack(0x0000003183f00000,0x0000003184000000)]
  0x00000150e8ca9600 JavaThread "Service Thread" daemon [_thread_blocked, id=26224, stack(0x0000003184000000,0x0000003184100000)]
  0x00000150e8caa520 JavaThread "Monitor Deflation Thread" daemon [_thread_blocked, id=133496, stack(0x0000003184100000,0x0000003184200000)]
  0x00000150e8cace90 JavaThread "C2 CompilerThread0" daemon [_thread_blocked, id=102160, stack(0x0000003184200000,0x0000003184300000)]
  0x00000150e8cae380 JavaThread "C1 CompilerThread0" daemon [_thread_blocked, id=123316, stack(0x0000003184300000,0x0000003184400000)]
  0x00000150e8caef30 JavaThread "Sweeper thread" daemon [_thread_blocked, id=51300, stack(0x0000003184400000,0x0000003184500000)]
  0x00000150e8c6aef0 JavaThread "Common-Cleaner" daemon [_thread_blocked, id=121756, stack(0x0000003184500000,0x0000003184600000)]
  0x00000150ed63fa80 JavaThread "Monitor Ctrl-Break" daemon [_thread_in_native, id=61184, stack(0x0000003184800000,0x0000003184900000)]
  0x00000150ed1d8450 JavaThread "Notification Thread" daemon [_thread_blocked, id=82152, stack(0x0000003184900000,0x0000003184a00000)]
  0x00000150ed60cee0 JavaThread "QuantumRenderer-0" daemon [_thread_blocked, id=62312, stack(0x0000003184700000,0x0000003184800000)]
  0x00000150ed8f1300 JavaThread "InvokeLaterDispatcher" daemon [_thread_blocked, id=27352, stack(0x0000003184b00000,0x0000003184c00000)]
  0x00000150ed93fab0 JavaThread "JavaFX Application Thread" [_thread_in_native, id=19744, stack(0x0000003184c00000,0x0000003184d00000)]
  0x00000150edace760 JavaThread "Thread-1" daemon [_thread_in_native, id=12388, stack(0x0000003185000000,0x0000003185100000)]
  0x00000150f2f6fd70 JavaThread "JavaFX-Launcher" [_thread_blocked, id=128128, stack(0x0000003185600000,0x0000003185700000)]
  0x00000150f2dab3a0 JavaThread "Prism Font Disposer" daemon [_thread_blocked, id=63936, stack(0x0000003185700000,0x0000003185800000)]
  0x00000150f2dace30 JavaThread "Cleaner-0" daemon [_thread_blocked, id=104248, stack(0x0000003186200000,0x0000003186300000)]
  0x00000150f2dad8d0 JavaThread "SIGINT handler" daemon [_thread_blocked, id=41060, stack(0x0000003186300000,0x0000003186400000)]

Other Threads:
=>0x00000150e8c7cd50 VMThread "VM Thread" [stack: 0x0000003183b00000,0x0000003183c00000] [id=60912]
  0x00000150ca5fada0 WorkerThread "GC Thread#0" [stack: 0x0000003183600000,0x0000003183700000] [id=87260]
  0x00000150edae3510 WorkerThread "GC Thread#1" [stack: 0x0000003185100000,0x0000003185200000] [id=56380]
  0x00000150edb3a860 WorkerThread "GC Thread#2" [stack: 0x0000003185200000,0x0000003185300000] [id=78436]
  0x00000150edaf6450 WorkerThread "GC Thread#3" [stack: 0x0000003185300000,0x0000003185400000] [id=104948]
  0x00000150edb74c20 WorkerThread "GC Thread#4" [stack: 0x0000003185400000,0x0000003185500000] [id=58268]
  0x00000150edb7c580 WorkerThread "GC Thread#5" [stack: 0x0000003185500000,0x0000003185600000] [id=130076]
  0x00000150edbe4e50 WorkerThread "GC Thread#6" [stack: 0x0000003185800000,0x0000003185900000] [id=74292]
  0x00000150edbe5120 WorkerThread "GC Thread#7" [stack: 0x0000003185900000,0x0000003185a00000] [id=29880]
  0x00000150ca60c6d0 ConcurrentGCThread "G1 Main Marker" terminated
  0x00000150ca60d2a0 WorkerThread "G1 Conc#0" [stack: 0x0000003183800000,0x0000003183900000] [id=50156]
  0x00000150edbe4310 WorkerThread "G1 Conc#1" [stack: 0x0000003184600000,0x0000003184700000] [id=127796]
  0x00000150ca66e8f0 ConcurrentGCThread "G1 Refine#0" terminated
  0x00000150e8b34620 ConcurrentGCThread "G1 Service" terminated

Threads with active compile tasks:

VM state: at safepoint (shutting down)

VM Mutex/Monitor currently owned by a thread:  ([mutex/lock_event])
[0x00000150ca597460] Threads_lock - owner thread: 0x00000150e8c7cd50
[0x00000150ca598930] Heap_lock - owner thread: 0x00000150f2dad8d0

Heap address: 0x0000000083200000, size: 1998 MB, Compressed Oops mode: 32-bit

CDS archive(s) mapped at: [0x0000000800000000-0x0000000800c30000-0x0000000800c30000), size 12779520, SharedBaseAddress: 0x0000000800000000, ArchiveRelocationMode: 0.
Compressed class space mapped at: 0x0000000801000000-0x0000000841000000, reserved size: 1073741824
Narrow klass base: 0x0000000800000000, Narrow klass shift: 0, Narrow klass range: 0x100000000

GC Precious Log:
 CardTable entry size: 512
 Card Set container configuration: InlinePtr #cards 5 size 8 Array Of Cards #cards 12 size 40 Howl #buckets 4 coarsen threshold 1843 Howl Bitmap #cards 512 size 80 coarsen threshold 460 Card regions per heap region 1 cards per card region 2048
 CPUs: 8 total, 8 available
 Memory: 7987M
 Large Page Support: Disabled
 NUMA Support: Disabled
 Compressed Oops: Enabled (32-bit)
 Heap Region Size: 1M
 Heap Min Capacity: 8M
 Heap Initial Capacity: 126M
 Heap Max Capacity: 1998M
 Pre-touch: Disabled
 Parallel Workers: 8
 Concurrent Workers: 2
 Concurrent Refinement Workers: 8
 Periodic GC: Disabled

Heap:
 garbage-first heap   total 71680K, used 27875K [0x0000000083200000, 0x0000000100000000)
  region size 1024K, 14 young (14336K), 9 survivors (9216K)
 Metaspace       used 21412K, committed 21824K, reserved 1114112K
  class space    used 2827K, committed 3008K, reserved 1048576K

Heap Regions: E=young(eden), S=young(survivor), O=old, HS=humongous(starts), HC=humongous(continues), CS=collection set, F=free, OA=open archive, CA=closed archive, TAMS=top-at-mark-start (previous, next)
|   0|0x0000000083200000, 0x0000000083300000, 0x0000000083300000|100%|HS|  |TAMS 0x0000000083300000, 0x0000000083200000| Complete 
|   1|0x0000000083300000, 0x0000000083400000, 0x0000000083400000|100%|HC|  |TAMS 0x0000000083400000, 0x0000000083300000| Complete 
|   2|0x0000000083400000, 0x0000000083500000, 0x0000000083500000|100%| O|  |TAMS 0x0000000083500000, 0x0000000083400000| Untracked 
|   3|0x0000000083500000, 0x0000000083600000, 0x0000000083600000|100%| O|  |TAMS 0x0000000083600000, 0x0000000083500000| Untracked 
|   4|0x0000000083600000, 0x00000000836d6000, 0x0000000083700000| 83%| O|  |TAMS 0x00000000836d6000, 0x0000000083600000| Complete 
|   5|0x0000000083700000, 0x0000000083800000, 0x0000000083800000|100%|HS|  |TAMS 0x0000000083800000, 0x0000000083700000| Complete 
|   6|0x0000000083800000, 0x0000000083900000, 0x0000000083900000|100%|HC|  |TAMS 0x0000000083900000, 0x0000000083800000| Complete 
|   7|0x0000000083900000, 0x0000000083a00000, 0x0000000083a00000|100%|HS|  |TAMS 0x0000000083a00000, 0x0000000083900000| Complete 
|   8|0x0000000083a00000, 0x0000000083b00000, 0x0000000083b00000|100%|HC|  |TAMS 0x0000000083b00000, 0x0000000083a00000| Complete 
|   9|0x0000000083b00000, 0x0000000083c00000, 0x0000000083c00000|100%|HS|  |TAMS 0x0000000083c00000, 0x0000000083b00000| Complete 
|  10|0x0000000083c00000, 0x0000000083d00000, 0x0000000083d00000|100%|HC|  |TAMS 0x0000000083d00000, 0x0000000083c00000| Complete 
|  11|0x0000000083d00000, 0x0000000083e00000, 0x0000000083e00000|100%|HS|  |TAMS 0x0000000083d00000, 0x0000000083d00000| Complete 
|  12|0x0000000083e00000, 0x0000000083f00000, 0x0000000083f00000|100%|HC|  |TAMS 0x0000000083e00000, 0x0000000083e00000| Complete 
|  13|0x0000000083f00000, 0x0000000084000000, 0x0000000084000000|100%|HS|  |TAMS 0x0000000083f00000, 0x0000000083f00000| Complete 
|  14|0x0000000084000000, 0x0000000084100000, 0x0000000084100000|100%|HC|  |TAMS 0x0000000084000000, 0x0000000084000000| Complete 
|  15|0x0000000084100000, 0x0000000084100000, 0x0000000084200000|  0%| F|  |TAMS 0x0000000084100000, 0x0000000084100000| Untracked 
|  16|0x0000000084200000, 0x0000000084200000, 0x0000000084300000|  0%| F|  |TAMS 0x0000000084200000, 0x0000000084200000| Untracked 
|  17|0x0000000084300000, 0x0000000084300000, 0x0000000084400000|  0%| F|  |TAMS 0x0000000084300000, 0x0000000084300000| Untracked 
|  18|0x0000000084400000, 0x0000000084400000, 0x0000000084500000|  0%| F|  |TAMS 0x0000000084400000, 0x0000000084400000| Untracked 
|  19|0x0000000084500000, 0x0000000084500000, 0x0000000084600000|  0%| F|  |TAMS 0x0000000084500000, 0x0000000084500000| Untracked 
|  20|0x0000000084600000, 0x0000000084600000, 0x0000000084700000|  0%| F|  |TAMS 0x0000000084600000, 0x0000000084600000| Untracked 
|  21|0x0000000084700000, 0x0000000084700000, 0x0000000084800000|  0%| F|  |TAMS 0x0000000084700000, 0x0000000084700000| Untracked 
|  22|0x0000000084800000, 0x0000000084800000, 0x0000000084900000|  0%| F|  |TAMS 0x0000000084800000, 0x0000000084800000| Untracked 
|  23|0x0000000084900000, 0x0000000084900000, 0x0000000084a00000|  0%| F|  |TAMS 0x0000000084900000, 0x0000000084900000| Untracked 
|  24|0x0000000084a00000, 0x0000000084a00000, 0x0000000084b00000|  0%| F|  |TAMS 0x0000000084a00000, 0x0000000084a00000| Untracked 
|  25|0x0000000084b00000, 0x0000000084b00000, 0x0000000084c00000|  0%| F|  |TAMS 0x0000000084b00000, 0x0000000084b00000| Untracked 
|  26|0x0000000084c00000, 0x0000000084c00000, 0x0000000084d00000|  0%| F|  |TAMS 0x0000000084c00000, 0x0000000084c00000| Untracked 
|  27|0x0000000084d00000, 0x0000000084d00000, 0x0000000084e00000|  0%| F|  |TAMS 0x0000000084d00000, 0x0000000084d00000| Untracked 
|  28|0x0000000084e00000, 0x0000000084e00000, 0x0000000084f00000|  0%| F|  |TAMS 0x0000000084e00000, 0x0000000084e00000| Untracked 
|  29|0x0000000084f00000, 0x0000000084f00000, 0x0000000085000000|  0%| F|  |TAMS 0x0000000084f00000, 0x0000000084f00000| Untracked 
|  30|0x0000000085000000, 0x0000000085000000, 0x0000000085100000|  0%| F|  |TAMS 0x0000000085000000, 0x0000000085000000| Untracked 
|  31|0x0000000085100000, 0x0000000085100000, 0x0000000085200000|  0%| F|  |TAMS 0x0000000085100000, 0x0000000085100000| Untracked 
|  32|0x0000000085200000, 0x0000000085200000, 0x0000000085300000|  0%| F|  |TAMS 0x0000000085200000, 0x0000000085200000| Untracked 
|  33|0x0000000085300000, 0x0000000085300000, 0x0000000085400000|  0%| F|  |TAMS 0x0000000085300000, 0x0000000085300000| Untracked 
|  34|0x0000000085400000, 0x0000000085400000, 0x0000000085500000|  0%| F|  |TAMS 0x0000000085400000, 0x0000000085400000| Untracked 
|  35|0x0000000085500000, 0x0000000085500000, 0x0000000085600000|  0%| F|  |TAMS 0x0000000085500000, 0x0000000085500000| Untracked 
|  36|0x0000000085600000, 0x0000000085600000, 0x0000000085700000|  0%| F|  |TAMS 0x0000000085600000, 0x0000000085600000| Untracked 
|  37|0x0000000085700000, 0x0000000085700000, 0x0000000085800000|  0%| F|  |TAMS 0x0000000085700000, 0x0000000085700000| Untracked 
|  38|0x0000000085800000, 0x0000000085800000, 0x0000000085900000|  0%| F|  |TAMS 0x0000000085800000, 0x0000000085800000| Untracked 
|  39|0x0000000085900000, 0x0000000085900000, 0x0000000085a00000|  0%| F|  |TAMS 0x0000000085900000, 0x0000000085900000| Untracked 
|  40|0x0000000085a00000, 0x0000000085a00000, 0x0000000085b00000|  0%| F|  |TAMS 0x0000000085a00000, 0x0000000085a00000| Untracked 
|  41|0x0000000085b00000, 0x0000000085b00000, 0x0000000085c00000|  0%| F|  |TAMS 0x0000000085b00000, 0x0000000085b00000| Untracked 
|  42|0x0000000085c00000, 0x0000000085c00000, 0x0000000085d00000|  0%| F|  |TAMS 0x0000000085c00000, 0x0000000085c00000| Untracked 
|  43|0x0000000085d00000, 0x0000000085d00000, 0x0000000085e00000|  0%| F|  |TAMS 0x0000000085d00000, 0x0000000085d00000| Untracked 
|  44|0x0000000085e00000, 0x0000000085e00000, 0x0000000085f00000|  0%| F|  |TAMS 0x0000000085e00000, 0x0000000085e00000| Untracked 
|  45|0x0000000085f00000, 0x0000000085f00000, 0x0000000086000000|  0%| F|  |TAMS 0x0000000085f00000, 0x0000000085f00000| Untracked 
|  46|0x0000000086000000, 0x0000000086000000, 0x0000000086100000|  0%| F|  |TAMS 0x0000000086000000, 0x0000000086000000| Untracked 
|  47|0x0000000086100000, 0x0000000086100000, 0x0000000086200000|  0%| F|  |TAMS 0x0000000086100000, 0x0000000086100000| Untracked 
|  48|0x0000000086200000, 0x0000000086200000, 0x0000000086300000|  0%| F|  |TAMS 0x0000000086200000, 0x0000000086200000| Untracked 
|  49|0x0000000086300000, 0x0000000086300000, 0x0000000086400000|  0%| F|  |TAMS 0x0000000086300000, 0x0000000086300000| Untracked 
|  50|0x0000000086400000, 0x0000000086400000, 0x0000000086500000|  0%| F|  |TAMS 0x0000000086400000, 0x0000000086400000| Untracked 
|  51|0x0000000086500000, 0x0000000086500000, 0x0000000086600000|  0%| F|  |TAMS 0x0000000086500000, 0x0000000086500000| Untracked 
|  52|0x0000000086600000, 0x0000000086600000, 0x0000000086700000|  0%| F|  |TAMS 0x0000000086600000, 0x0000000086600000| Untracked 
|  53|0x0000000086700000, 0x0000000086700000, 0x0000000086800000|  0%| F|  |TAMS 0x0000000086700000, 0x0000000086700000| Untracked 
|  54|0x0000000086800000, 0x0000000086800000, 0x0000000086900000|  0%| F|  |TAMS 0x0000000086800000, 0x0000000086800000| Untracked 
|  55|0x0000000086900000, 0x0000000086900000, 0x0000000086a00000|  0%| F|  |TAMS 0x0000000086900000, 0x0000000086900000| Untracked 
|  56|0x0000000086a00000, 0x0000000086a2ac20, 0x0000000086b00000| 16%| E|  |TAMS 0x0000000086a00000, 0x0000000086a00000| Complete 
|  57|0x0000000086b00000, 0x0000000086c00000, 0x0000000086c00000|100%| E|CS|TAMS 0x0000000086b00000, 0x0000000086b00000| Complete 
|  58|0x0000000086c00000, 0x0000000086d00000, 0x0000000086d00000|100%| E|CS|TAMS 0x0000000086c00000, 0x0000000086c00000| Complete 
|  59|0x0000000086d00000, 0x0000000086e00000, 0x0000000086e00000|100%| E|CS|TAMS 0x0000000086d00000, 0x0000000086d00000| Complete 
|  89|0x0000000088b00000, 0x0000000088b62e38, 0x0000000088c00000| 38%| S|CS|TAMS 0x0000000088b00000, 0x0000000088b00000| Complete 
|  90|0x0000000088c00000, 0x0000000088d00000, 0x0000000088d00000|100%| S|CS|TAMS 0x0000000088c00000, 0x0000000088c00000| Complete 
|  91|0x0000000088d00000, 0x0000000088e00000, 0x0000000088e00000|100%| S|CS|TAMS 0x0000000088d00000, 0x0000000088d00000| Complete 
|  92|0x0000000088e00000, 0x0000000088f00000, 0x0000000088f00000|100%| S|CS|TAMS 0x0000000088e00000, 0x0000000088e00000| Complete 
|  93|0x0000000088f00000, 0x0000000089000000, 0x0000000089000000|100%| S|CS|TAMS 0x0000000088f00000, 0x0000000088f00000| Complete 
|  94|0x0000000089000000, 0x0000000089100000, 0x0000000089100000|100%| S|CS|TAMS 0x0000000089000000, 0x0000000089000000| Complete 
|  95|0x0000000089100000, 0x0000000089200000, 0x0000000089200000|100%| S|CS|TAMS 0x0000000089100000, 0x0000000089100000| Complete 
|  96|0x0000000089200000, 0x0000000089300000, 0x0000000089300000|100%| S|CS|TAMS 0x0000000089200000, 0x0000000089200000| Complete 
|  97|0x0000000089300000, 0x0000000089400000, 0x0000000089400000|100%| S|CS|TAMS 0x0000000089300000, 0x0000000089300000| Complete 
| 125|0x000000008af00000, 0x000000008b000000, 0x000000008b000000|100%| E|CS|TAMS 0x000000008af00000, 0x000000008af00000| Complete 

Card table byte_map: [0x00000150e1c20000,0x00000150e2010000] _byte_map_base: 0x00000150e1807000

Marking Bits (Prev, Next): (CMBitMap*) 0x00000150ca5fc420, (CMBitMap*) 0x00000150ca5fc3e0
 Prev Bits: [0x00000150e4340000, 0x00000150e6278000)
 Next Bits: [0x00000150e2400000, 0x00000150e4338000)

Polling page: 0x00000150c9d70000

Metaspace:

Usage:
  Non-class:     18.15 MB used.
      Class:      2.76 MB used.
       Both:     20.91 MB used.

Virtual space:
  Non-class space:       64.00 MB reserved,      18.38 MB ( 29%) committed,  1 nodes.
      Class space:        1.00 GB reserved,       2.94 MB ( <1%) committed,  1 nodes.
             Both:        1.06 GB reserved,      21.31 MB (  2%) committed. 

Chunk freelists:
   Non-Class:  1.55 MB
       Class:  1.03 MB
        Both:  2.58 MB

MaxMetaspaceSize: unlimited
CompressedClassSpaceSize: 1.00 GB
Initial GC threshold: 21.00 MB
Current GC threshold: 35.12 MB
CDS: on
MetaspaceReclaimPolicy: balanced
 - commit_granule_bytes: 65536.
 - commit_granule_words: 8192.
 - virtual_space_node_default_size: 8388608.
 - enlarge_chunks_in_place: 1.
 - new_chunks_are_fully_committed: 0.
 - uncommit_free_chunks: 1.
 - use_allocation_guard: 0.


Internal statistics:

num_allocs_failed_limit: 3.
num_arena_births: 472.
num_arena_deaths: 0.
num_vsnodes_births: 2.
num_vsnodes_deaths: 0.
num_space_committed: 341.
num_space_uncommitted: 0.
num_chunks_returned_to_freelist: 3.
num_chunks_taken_from_freelist: 1085.
num_chunk_merges: 3.
num_chunk_splits: 764.
num_chunks_enlarged: 590.
num_inconsistent_stats: 0.

CodeHeap 'non-profiled nmethods': size=120000Kb used=1580Kb max_used=1580Kb free=118419Kb
 bounds [0x00000150d9fd0000, 0x00000150da240000, 0x00000150e1500000]
CodeHeap 'profiled nmethods': size=120000Kb used=7115Kb max_used=7115Kb free=112884Kb
 bounds [0x00000150d2500000, 0x00000150d2c00000, 0x00000150d9a30000]
CodeHeap 'non-nmethods': size=5760Kb used=1569Kb max_used=1604Kb free=4190Kb
 bounds [0x00000150d9a30000, 0x00000150d9ca0000, 0x00000150d9fd0000]
 total_blobs=4451 nmethods=3606 adapters=755
 compilation: enabled
              stopped_count=0, restarted_count=0
 full_count=0

Compilation events (20 events):
Event: 13.226 Thread 0x00000150e8cae380 3599       3       javafx.beans.property.ObjectPropertyBase::addListener (14 bytes)
Event: 13.226 Thread 0x00000150e8cae380 nmethod 3599 0x00000150d2bed990 code [0x00000150d2bedb40, 0x00000150d2bedce8]
Event: 13.227 Thread 0x00000150e8cae380 3600       3       java.lang.CharacterData00::getPropertiesEx (32 bytes)
Event: 13.227 Thread 0x00000150e8cae380 nmethod 3600 0x00000150d2bedd90 code [0x00000150d2bedf40, 0x00000150d2bee0f8]
Event: 13.227 Thread 0x00000150e8cae380 3601       3       javafx.scene.layout.Region::snappedLeftInset (21 bytes)
Event: 13.228 Thread 0x00000150e8cae380 nmethod 3601 0x00000150d2bee210 code [0x00000150d2bee460, 0x00000150d2beed18]
Event: 13.228 Thread 0x00000150e8cae380 3604  s    3       com.sun.javafx.text.ScriptMapper::getScript (108 bytes)
Event: 13.228 Thread 0x00000150e8cace90 nmethod 3577 0x00000150da158790 code [0x00000150da1589c0, 0x00000150da159550]
Event: 13.228 Thread 0x00000150e8cae380 nmethod 3604 0x00000150d2bef010 code [0x00000150d2bef200, 0x00000150d2bef7f8]
Event: 13.228 Thread 0x00000150e8cae380 3607       3       com.sun.javafx.font.CompositeGlyphMapper::getAsciiGlyphCode (115 bytes)
Event: 13.229 Thread 0x00000150e8cae380 nmethod 3607 0x00000150d2befa10 code [0x00000150d2befc20, 0x00000150d2bf03c8]
Event: 13.229 Thread 0x00000150e8cae380 3602       3       javafx.scene.layout.Region::snappedRightInset (21 bytes)
Event: 13.229 Thread 0x00000150e8cae380 nmethod 3602 0x00000150d2bf0610 code [0x00000150d2bf0860, 0x00000150d2bf1118]
Event: 13.229 Thread 0x00000150e8cae380 3603       3       com.sun.javafx.text.PrismTextLayout::getBounds (9 bytes)
Event: 13.229 Thread 0x00000150e8cae380 nmethod 3603 0x00000150d2bf1410 code [0x00000150d2bf15c0, 0x00000150d2bf17a8]
Event: 13.229 Thread 0x00000150e8cae380 3605       3       com.sun.javafx.text.ScriptMapper::isComplexCharCode (176 bytes)
Event: 13.229 Thread 0x00000150e8cae380 nmethod 3605 0x00000150d2bf1890 code [0x00000150d2bf1ae0, 0x00000150d2bf2398]
Event: 13.229 Thread 0x00000150e8cae380 3606       3       com.sun.javafx.font.CompositeGlyphMapper::getGlyphCode (42 bytes)
Event: 13.230 Thread 0x00000150e8cae380 nmethod 3606 0x00000150d2bf2410 code [0x00000150d2bf2620, 0x00000150d2bf2cc8]
Event: 13.232 Thread 0x00000150f3947f60 nmethod 3578 0x00000150da159c90 code [0x00000150da159ec0, 0x00000150da15aaf0]

GC Heap History (6 events):
Event: 0.662 GC heap before
{Heap before GC invocations=0 (full 0):
 garbage-first heap   total 129024K, used 22528K [0x0000000083200000, 0x0000000100000000)
  region size 1024K, 23 young (23552K), 0 survivors (0K)
 Metaspace       used 5157K, committed 5312K, reserved 1114112K
  class space    used 551K, committed 640K, reserved 1048576K
}
Event: 0.666 GC heap after
{Heap after GC invocations=1 (full 0):
 garbage-first heap   total 129024K, used 2944K [0x0000000083200000, 0x0000000100000000)
  region size 1024K, 3 young (3072K), 3 survivors (3072K)
 Metaspace       used 5157K, committed 5312K, reserved 1114112K
  class space    used 551K, committed 640K, reserved 1048576K
}
Event: 1.391 GC heap before
{Heap before GC invocations=1 (full 0):
 garbage-first heap   total 129024K, used 38784K [0x0000000083200000, 0x0000000100000000)
  region size 1024K, 37 young (37888K), 3 survivors (3072K)
 Metaspace       used 14885K, committed 15232K, reserved 1114112K
  class space    used 1849K, committed 1984K, reserved 1048576K
}
Event: 1.397 GC heap after
{Heap after GC invocations=2 (full 0):
 garbage-first heap   total 129024K, used 10072K [0x0000000083200000, 0x0000000100000000)
  region size 1024K, 5 young (5120K), 5 survivors (5120K)
 Metaspace       used 14885K, committed 15232K, reserved 1114112K
  class space    used 1849K, committed 1984K, reserved 1048576K
}
Event: 8.731 GC heap before
{Heap before GC invocations=2 (full 0):
 garbage-first heap   total 129024K, used 42840K [0x0000000083200000, 0x0000000100000000)
  region size 1024K, 33 young (33792K), 5 survivors (5120K)
 Metaspace       used 21151K, committed 21504K, reserved 1114112K
  class space    used 2817K, committed 3008K, reserved 1048576K
}
Event: 8.738 GC heap after
{Heap after GC invocations=3 (full 0):
 garbage-first heap   total 129024K, used 19683K [0x0000000083200000, 0x0000000100000000)
  region size 1024K, 9 young (9216K), 9 survivors (9216K)
 Metaspace       used 21151K, committed 21504K, reserved 1114112K
  class space    used 2817K, committed 3008K, reserved 1048576K
}

Dll operation events (20 events):
Event: 0.415 Loaded shared library C:\Users\Арина\.openjfx\cache\19-ea+7\amd64\api-ms-win-crt-heap-l1-1-0.dll
Event: 0.419 Loaded shared library C:\Users\Арина\.openjfx\cache\19-ea+7\amd64\api-ms-win-crt-locale-l1-1-0.dll
Event: 0.423 Loaded shared library C:\Users\Арина\.openjfx\cache\19-ea+7\amd64\api-ms-win-crt-math-l1-1-0.dll
Event: 0.427 Loaded shared library C:\Users\Арина\.openjfx\cache\19-ea+7\amd64\api-ms-win-crt-multibyte-l1-1-0.dll
Event: 0.431 Loaded shared library C:\Users\Арина\.openjfx\cache\19-ea+7\amd64\api-ms-win-crt-private-l1-1-0.dll
Event: 0.435 Loaded shared library C:\Users\Арина\.openjfx\cache\19-ea+7\amd64\api-ms-win-crt-process-l1-1-0.dll
Event: 0.438 Loaded shared library C:\Users\Арина\.openjfx\cache\19-ea+7\amd64\api-ms-win-crt-runtime-l1-1-0.dll
Event: 0.441 Loaded shared library C:\Users\Арина\.openjfx\cache\19-ea+7\amd64\api-ms-win-crt-stdio-l1-1-0.dll
Event: 0.444 Loaded shared library C:\Users\Арина\.openjfx\cache\19-ea+7\amd64\api-ms-win-crt-string-l1-1-0.dll
Event: 0.448 Loaded shared library C:\Users\Арина\.openjfx\cache\19-ea+7\amd64\api-ms-win-crt-time-l1-1-0.dll
Event: 0.451 Loaded shared library C:\Users\Арина\.openjfx\cache\19-ea+7\amd64\api-ms-win-crt-utility-l1-1-0.dll
Event: 0.467 Loaded shared library C:\Users\Арина\.openjfx\cache\19-ea+7\amd64\ucrtbase.dll
Event: 0.471 Loaded shared library C:\Users\Арина\.openjfx\cache\19-ea+7\amd64\vcruntime140.dll
Event: 0.475 Loaded shared library C:\Users\Арина\.openjfx\cache\19-ea+7\amd64\vcruntime140_1.dll
Event: 0.483 Loaded shared library C:\Users\Арина\.openjfx\cache\19-ea+7\amd64\msvcp140.dll
Event: 0.524 Loaded shared library C:\Users\Арина\.openjfx\cache\19-ea+7\amd64\prism_d3d.dll
Event: 0.552 Loaded shared library C:\Users\Арина\.openjfx\cache\19-ea+7\amd64\glass.dll
Event: 0.704 Loaded shared library C:\Users\Арина\.jdks\openjdk-19.0.1\bin\verify.dll
Event: 0.712 Loaded shared library C:\Users\Арина\.jdks\openjdk-19.0.1\bin\jimage.dll
Event: 1.314 Loaded shared library C:\Users\Арина\.openjfx\cache\19-ea+7\amd64\javafx_font.dll

Deoptimization events (20 events):
Event: 3.995 Thread 0x00000150ed60cee0 Uncommon trap: trap_request=0xffffff45 fr.pc=0x00000150da108220 relative=0x00000000000022a0
Event: 3.995 Thread 0x00000150ed60cee0 Uncommon trap: reason=unstable_if action=reinterpret pc=0x00000150da108220 method=com.sun.marlin.Renderer._endRendering(IILcom/sun/marlin/MarlinAlphaConsumer;)V @ 1940 c2
Event: 3.995 Thread 0x00000150ed60cee0 DEOPT PACKING pc=0x00000150da108220 sp=0x00000031847fdf10
Event: 3.995 Thread 0x00000150ed60cee0 DEOPT UNPACKING pc=0x00000150d9a9a5a3 sp=0x00000031847fdd58 mode 2
Event: 3.995 Thread 0x00000150ed60cee0 Uncommon trap: trap_request=0xffffff45 fr.pc=0x00000150da0fe4cc relative=0x0000000000002d2c
Event: 3.995 Thread 0x00000150ed60cee0 Uncommon trap: reason=unstable_if action=reinterpret pc=0x00000150da0fe4cc method=com.sun.marlin.Renderer._endRendering(IILcom/sun/marlin/MarlinAlphaConsumer;)V @ 1940 c2
Event: 3.995 Thread 0x00000150ed60cee0 DEOPT PACKING pc=0x00000150da0fe4cc sp=0x00000031847fde70
Event: 3.995 Thread 0x00000150ed60cee0 DEOPT UNPACKING pc=0x00000150d9a9a5a3 sp=0x00000031847fdd58 mode 2
Event: 3.996 Thread 0x00000150ed60cee0 Uncommon trap: trap_request=0xffffff45 fr.pc=0x00000150da0ee510 relative=0x0000000000003050
Event: 3.996 Thread 0x00000150ed60cee0 Uncommon trap: reason=unstable_if action=reinterpret pc=0x00000150da0ee510 method=com.sun.marlin.Renderer._endRendering(IILcom/sun/marlin/MarlinAlphaConsumer;)V @ 1940 c2
Event: 3.996 Thread 0x00000150ed60cee0 DEOPT PACKING pc=0x00000150da0ee510 sp=0x00000031847fdea0
Event: 3.996 Thread 0x00000150ed60cee0 DEOPT UNPACKING pc=0x00000150d9a9a5a3 sp=0x00000031847fdd68 mode 2
Event: 7.943 Thread 0x00000150ed60cee0 DEOPT PACKING pc=0x00000150d2a5a07c sp=0x00000031847fdd40
Event: 7.943 Thread 0x00000150ed60cee0 DEOPT UNPACKING pc=0x00000150d9a9b0e3 sp=0x00000031847fd178 mode 0
Event: 8.168 Thread 0x00000150ed93fab0 DEOPT PACKING pc=0x00000150d27f047a sp=0x0000003184cfa6e0
Event: 8.168 Thread 0x00000150ed93fab0 DEOPT UNPACKING pc=0x00000150d9a9b0e3 sp=0x0000003184cf9b28 mode 0
Event: 13.075 Thread 0x00000150ed93fab0 Uncommon trap: trap_request=0xffffff45 fr.pc=0x00000150da0a3a28 relative=0x00000000000008e8
Event: 13.075 Thread 0x00000150ed93fab0 Uncommon trap: reason=unstable_if action=reinterpret pc=0x00000150da0a3a28 method=java.util.WeakHashMap.expungeStaleEntries()V @ 66 c2
Event: 13.075 Thread 0x00000150ed93fab0 DEOPT PACKING pc=0x00000150da0a3a28 sp=0x0000003184cf7870
Event: 13.075 Thread 0x00000150ed93fab0 DEOPT UNPACKING pc=0x00000150d9a9a5a3 sp=0x0000003184cf77f0 mode 2

Classes loaded (20 events):
Event: 9.969 Loading class sun/util/resources/LocaleData$LocaleDataResourceBundleProvider done
Event: 9.969 Loading class sun/util/resources/LocaleData$CommonResourceBundleProvider done
Event: 9.969 Loading class sun/text/resources/BreakIteratorInfo
Event: 9.969 Loading class sun/text/resources/BreakIteratorInfo done
Event: 9.970 Loading class sun/text/resources/BreakIteratorResources
Event: 9.970 Loading class sun/util/resources/BreakIteratorResourceBundle
Event: 9.970 Loading class sun/util/resources/BreakIteratorResourceBundle done
Event: 9.970 Loading class sun/text/resources/BreakIteratorResources done
Event: 9.970 Loading class sun/util/resources/Bundles$2
Event: 9.970 Loading class sun/util/resources/Bundles$2 done
Event: 9.971 Loading class sun/text/RuleBasedBreakIterator
Event: 9.971 Loading class sun/text/RuleBasedBreakIterator done
Event: 9.972 Loading class sun/text/CompactByteArray
Event: 9.972 Loading class sun/text/CompactByteArray done
Event: 9.972 Loading class sun/text/SupplementaryCharacterData
Event: 9.972 Loading class sun/text/SupplementaryCharacterData done
Event: 9.972 Loading class java/text/BreakIterator$BreakIteratorCache
Event: 9.972 Loading class java/text/BreakIterator$BreakIteratorCache done
Event: 21.027 Loading class jdk/internal/misc/Signal$1
Event: 21.028 Loading class jdk/internal/misc/Signal$1 done

Classes unloaded (0 events):
No events

Classes redefined (0 events):
No events

Internal exceptions (20 events):
Event: 1.411 Thread 0x00000150ed93fab0 Exception <a 'java/lang/NoSuchMethodError'{0x000000008ae9e6d8}: 'void java.lang.invoke.DirectMethodHandle$Holder.invokeStaticInit(java.lang.Object, java.lang.Object)'> (0x000000008ae9e6d8) 
thrown [s\open\src\hotspot\share\interpreter\linkResolver.cpp, line 774]
Event: 1.462 Thread 0x00000150ed93fab0 Exception <a 'java/lang/ClassNotFoundException'{0x000000008ac7ce48}: com/sun/javafx/scene/control/skin/resources/controls-nt> (0x000000008ac7ce48) 
thrown [s\open\src\hotspot\share\prims\jni.cpp, line 536]
Event: 1.462 Thread 0x00000150ed93fab0 Exception <a 'java/lang/ClassNotFoundException'{0x000000008ac85258}: com/sun/javafx/scene/control/skin/resources/controls-nt_ru> (0x000000008ac85258) 
thrown [s\open\src\hotspot\share\prims\jni.cpp, line 536]
Event: 1.462 Thread 0x00000150ed93fab0 Exception <a 'java/lang/ClassNotFoundException'{0x000000008ac86218}: com/sun/javafx/scene/control/skin/resources/controls-nt_ru_RU> (0x000000008ac86218) 
thrown [s\open\src\hotspot\share\prims\jni.cpp, line 536]
Event: 1.496 Thread 0x00000150ed93fab0 Implicit null exception at 0x00000150da09568c to 0x00000150da095850
Event: 1.591 Thread 0x00000150ed93fab0 Implicit null exception at 0x00000150da044f9e to 0x00000150da045150
Event: 1.628 Thread 0x00000150ed93fab0 Exception <a 'java/lang/NoSuchMethodError'{0x000000008a691a78}: 'java.lang.Object java.lang.invoke.DirectMethodHandle$Holder.invokeInterface(java.lang.Object, java.lang.Object, java.lang.Object)'> (0x000000008a691a78) 
thrown [s\open\src\hotspot\share\interpreter\linkResolver.cpp, line 774]
Event: 1.629 Thread 0x00000150ed93fab0 Exception <a 'java/lang/IncompatibleClassChangeError'{0x000000008a695148}: Found class java.lang.Object, but interface was expected> (0x000000008a695148) 
thrown [s\open\src\hotspot\share\interpreter\linkResolver.cpp, line 841]
Event: 1.675 Thread 0x00000150ed93fab0 Exception <a 'java/lang/ClassNotFoundException'{0x000000008a3188d0}: com/sun/javafx/scene/control/skin/resources/controls> (0x000000008a3188d0) 
thrown [s\open\src\hotspot\share\prims\jni.cpp, line 536]
Event: 1.675 Thread 0x00000150ed93fab0 Exception <a 'java/lang/ClassNotFoundException'{0x000000008a3266a8}: com/sun/javafx/scene/control/skin/resources/controls_ru> (0x000000008a3266a8) 
thrown [s\open\src\hotspot\share\prims\jni.cpp, line 536]
Event: 1.676 Thread 0x00000150ed93fab0 Exception <a 'java/lang/ClassNotFoundException'{0x000000008a327650}: com/sun/javafx/scene/control/skin/resources/controls_ru_RU> (0x000000008a327650) 
thrown [s\open\src\hotspot\share\prims\jni.cpp, line 536]
Event: 1.708 Thread 0x00000150ed93fab0 Exception <a 'java/lang/NoSuchMethodError'{0x000000008a2aab10}: 'void java.lang.invoke.DirectMethodHandle$Holder.invokeSpecial(java.lang.Object, java.lang.Object, java.lang.Object, java.lang.Object, java.lang.Object, java.lang.Object)'> (0x000000008a2aab10) 
thrown [s\open\src\hotspot\share\interpreter\linkResolver.cpp, line 774]
Event: 1.756 Thread 0x00000150ed93fab0 Exception <a 'java/lang/NoSuchMethodError'{0x0000000089e36368}: 'void java.lang.invoke.DirectMethodHandle$Holder.invokeSpecialIFC(java.lang.Object, java.lang.Object, java.lang.Object, java.lang.Object)'> (0x0000000089e36368) 
thrown [s\open\src\hotspot\share\interpreter\linkResolver.cpp, line 774]
Event: 1.779 Thread 0x00000150ed93fab0 Exception <a 'java/lang/NoSuchMethodError'{0x0000000089eecf80}: 'int java.lang.invoke.DirectMethodHandle$Holder.invokeSpecial(java.lang.Object, java.lang.Object, int)'> (0x0000000089eecf80) 
thrown [s\open\src\hotspot\share\interpreter\linkResolver.cpp, line 774]
Event: 1.794 Thread 0x00000150ed93fab0 Exception <a 'java/lang/NoSuchMethodError'{0x0000000089d4c1b0}: 'java.lang.Object java.lang.invoke.DirectMethodHandle$Holder.newInvokeSpecial(java.lang.Object, java.lang.Object, int)'> (0x0000000089d4c1b0) 
thrown [s\open\src\hotspot\share\interpreter\linkResolver.cpp, line 774]
Event: 1.823 Thread 0x00000150ed60cee0 Exception <a 'java/lang/NoSuchMethodError'{0x0000000089c08000}: 'int java.lang.invoke.DirectMethodHandle$Holder.invokeStaticInit(java.lang.Object, java.lang.Object)'> (0x0000000089c08000) 
thrown [s\open\src\hotspot\share\interpreter\linkResolver.cpp, line 774]
Event: 3.630 Thread 0x00000150ed93fab0 Exception <a 'java/lang/NoSuchMethodError'{0x00000000897dfd08}: 'long java.lang.invoke.DirectMethodHandle$Holder.invokeStatic(java.lang.Object, java.lang.Object, java.lang.Object)'> (0x00000000897dfd08) 
thrown [s\open\src\hotspot\share\interpreter\linkResolver.cpp, line 774]
Event: 3.630 Thread 0x00000150ed93fab0 Exception <a 'java/lang/NoSuchMethodError'{0x00000000897e3380}: 'long java.lang.invoke.DirectMethodHandle$Holder.invokeStaticInit(java.lang.Object, java.lang.Object, java.lang.Object)'> (0x00000000897e3380) 
thrown [s\open\src\hotspot\share\interpreter\linkResolver.cpp, line 774]
Event: 3.632 Thread 0x00000150ed93fab0 Exception <a 'java/lang/NoSuchMethodError'{0x00000000897fb880}: 'java.lang.Object java.lang.invoke.DirectMethodHandle$Holder.newInvokeSpecial(java.lang.Object, java.lang.Object, long)'> (0x00000000897fb880) 
thrown [s\open\src\hotspot\share\interpreter\linkResolver.cpp, line 774]
Event: 3.632 Thread 0x00000150ed93fab0 Exception <a 'java/lang/NoSuchMethodError'{0x00000000897ff408}: 'java.lang.Object java.lang.invoke.Invokers$Holder.linkToTargetMethod(java.lang.Object, long, java.lang.Object)'> (0x00000000897ff408) 
thrown [s\open\src\hotspot\share\interpreter\linkResolver.cpp, line 774]

VM Operations (20 events):
Event: 4.775 Executing VM operation: Cleanup done
Event: 6.775 Executing VM operation: Cleanup
Event: 6.776 Executing VM operation: Cleanup done
Event: 7.776 Executing VM operation: Cleanup
Event: 7.776 Executing VM operation: Cleanup done
Event: 8.731 Executing VM operation: CollectForMetadataAllocation
Event: 8.738 Executing VM operation: CollectForMetadataAllocation done
Event: 8.743 Executing VM operation: G1PauseRemark
Event: 8.745 Executing VM operation: G1PauseRemark done
Event: 8.747 Executing VM operation: G1PauseCleanup
Event: 8.748 Executing VM operation: G1PauseCleanup done
Event: 9.748 Executing VM operation: Cleanup
Event: 9.749 Executing VM operation: Cleanup done
Event: 11.748 Executing VM operation: Cleanup
Event: 11.749 Executing VM operation: Cleanup done
Event: 12.749 Executing VM operation: Cleanup
Event: 12.750 Executing VM operation: Cleanup done
Event: 13.750 Executing VM operation: Cleanup
Event: 13.751 Executing VM operation: Cleanup done
Event: 21.030 Executing VM operation: Exit

Events (20 events):
Event: 0.231 Thread 0x00000150ed1d8450 Thread added: 0x00000150ed1d8450
Event: 0.462 Thread 0x00000150ed169630 Thread exited: 0x00000150ed169630
Event: 0.516 Thread 0x00000150ed60cee0 Thread added: 0x00000150ed60cee0
Event: 0.554 Thread 0x00000150ed8f1300 Thread added: 0x00000150ed8f1300
Event: 0.557 Thread 0x00000150ed93fab0 Thread added: 0x00000150ed93fab0
Event: 0.636 Thread 0x00000150edace760 Thread added: 0x00000150edace760
Event: 1.093 Thread 0x00000150f2f6fd70 Thread added: 0x00000150f2f6fd70
Event: 1.334 Thread 0x00000150f2dab3a0 Thread added: 0x00000150f2dab3a0
Event: 1.888 Thread 0x00000150f2dace30 Thread added: 0x00000150f2dace30
Event: 2.212 Thread 0x00000150ed10a770 Thread exited: 0x00000150ed10a770
Event: 3.965 Thread 0x00000150f345dac0 Thread added: 0x00000150f345dac0
Event: 4.110 Thread 0x00000150f345dac0 Thread exited: 0x00000150f345dac0
Event: 13.093 Thread 0x00000150f3947f60 Thread added: 0x00000150f3947f60
Event: 18.232 Thread 0x00000150f3947f60 Thread exited: 0x00000150f3947f60
Event: 21.028 Thread 0x00000150f2dad8d0 Thread added: 0x00000150f2dad8d0
Event: 21.028 Thread 0x00000150f2dabe40 Thread added: 0x00000150f2dabe40
Event: 21.029 Thread 0x00000150f2dac390 Thread added: 0x00000150f2dac390
Event: 21.029 Thread 0x00000150f2dabe40 Thread exited: 0x00000150f2dabe40
Event: 21.030 Thread 0x00000150f2dac390 Thread exited: 0x00000150f2dac390
Event: 21.030 Thread 0x00000150e8c9d480 Thread exited: 0x00000150e8c9d480


Dynamic libraries:
0x00007ff65a990000 - 0x00007ff65a99e000 	C:\Users\Арина\.jdks\openjdk-19.0.1\bin\java.exe
0x00007ffa90790000 - 0x00007ffa90988000 	C:\WINDOWS\SYSTEM32\ntdll.dll
0x00007ffa903f0000 - 0x00007ffa904af000 	C:\WINDOWS\System32\KERNEL32.DLL
0x00007ffa8e3a0000 - 0x00007ffa8e672000 	C:\WINDOWS\System32\KERNELBASE.dll
0x00007ffa8e6e0000 - 0x00007ffa8e7e0000 	C:\WINDOWS\System32\ucrtbase.dll
0x00007ffa7fb70000 - 0x00007ffa7fb87000 	C:\Users\Арина\.jdks\openjdk-19.0.1\bin\jli.dll
0x00007ffa753d0000 - 0x00007ffa753eb000 	C:\Users\Арина\.jdks\openjdk-19.0.1\bin\VCRUNTIME140.dll
0x00007ffa8fc00000 - 0x00007ffa8fd9d000 	C:\WINDOWS\System32\USER32.dll
0x00007ffa8e680000 - 0x00007ffa8e6a2000 	C:\WINDOWS\System32\win32u.dll
0x00007ffa8e7e0000 - 0x00007ffa8e80b000 	C:\WINDOWS\System32\GDI32.dll
0x00007ffa8e290000 - 0x00007ffa8e39f000 	C:\WINDOWS\System32\gdi32full.dll
0x00007ffa8df40000 - 0x00007ffa8dfdd000 	C:\WINDOWS\System32\msvcp_win.dll
0x00007ffa70350000 - 0x00007ffa705ea000 	C:\WINDOWS\WinSxS\amd64_microsoft.windows.common-controls_6595b64144ccf1df_6.0.19041.1110_none_60b5254171f9507e\COMCTL32.dll
0x00007ffa8eb70000 - 0x00007ffa8ec0e000 	C:\WINDOWS\System32\msvcrt.dll
0x00007ffa8eb30000 - 0x00007ffa8eb62000 	C:\WINDOWS\System32\IMM32.DLL
0x00007ffa877c0000 - 0x00007ffa877cc000 	C:\Users\Арина\.jdks\openjdk-19.0.1\bin\vcruntime140_1.dll
0x00007ffa5dfc0000 - 0x00007ffa5e04e000 	C:\Users\Арина\.jdks\openjdk-19.0.1\bin\msvcp140.dll
0x00007ffa48100000 - 0x00007ffa48dc0000 	C:\Users\Арина\.jdks\openjdk-19.0.1\bin\server\jvm.dll
0x00007ffa8f400000 - 0x00007ffa8f4ae000 	C:\WINDOWS\System32\ADVAPI32.dll
0x00007ffa906b0000 - 0x00007ffa9074c000 	C:\WINDOWS\System32\sechost.dll
0x00007ffa90510000 - 0x00007ffa90635000 	C:\WINDOWS\System32\RPCRT4.dll
0x00007ffa70180000 - 0x00007ffa701a7000 	C:\WINDOWS\SYSTEM32\WINMM.dll
0x00007ffa87860000 - 0x00007ffa87869000 	C:\WINDOWS\SYSTEM32\WSOCK32.dll
0x00007ffa8db00000 - 0x00007ffa8db0a000 	C:\WINDOWS\SYSTEM32\VERSION.dll
0x00007ffa90640000 - 0x00007ffa906ab000 	C:\WINDOWS\System32\WS2_32.dll
0x00007ffa8c670000 - 0x00007ffa8c682000 	C:\WINDOWS\SYSTEM32\kernel.appcore.dll
0x00007ffa869f0000 - 0x00007ffa869fa000 	C:\Users\Арина\.jdks\openjdk-19.0.1\bin\jimage.dll
0x00007ffa8bbe0000 - 0x00007ffa8bdc4000 	C:\WINDOWS\SYSTEM32\DBGHELP.DLL
0x00007ffa860d0000 - 0x00007ffa860fc000 	C:\WINDOWS\SYSTEM32\dbgcore.DLL
0x00007ffa8e140000 - 0x00007ffa8e1c2000 	C:\WINDOWS\System32\bcryptPrimitives.dll
0x00007ffa8a930000 - 0x00007ffa8a93e000 	C:\Users\Арина\.jdks\openjdk-19.0.1\bin\instrument.dll
0x00007ffa652e0000 - 0x00007ffa65306000 	C:\Users\Арина\.jdks\openjdk-19.0.1\bin\java.dll
0x00007ffa4e140000 - 0x00007ffa4e217000 	C:\Users\Арина\.jdks\openjdk-19.0.1\bin\jsvml.dll
0x00007ffa8f4b0000 - 0x00007ffa8fbf3000 	C:\WINDOWS\System32\SHELL32.dll
0x00007ffa8bec0000 - 0x00007ffa8c652000 	C:\WINDOWS\SYSTEM32\windows.storage.dll
0x00007ffa8f080000 - 0x00007ffa8f3d4000 	C:\WINDOWS\System32\combase.dll
0x00007ffa8d7a0000 - 0x00007ffa8d7d0000 	C:\WINDOWS\SYSTEM32\Wldp.dll
0x00007ffa8fed0000 - 0x00007ffa8ff7d000 	C:\WINDOWS\System32\SHCORE.dll
0x00007ffa8e910000 - 0x00007ffa8e965000 	C:\WINDOWS\System32\shlwapi.dll
0x00007ffa8ddd0000 - 0x00007ffa8ddef000 	C:\WINDOWS\SYSTEM32\profapi.dll
0x00007ffa652c0000 - 0x00007ffa652d3000 	C:\Users\Арина\.jdks\openjdk-19.0.1\bin\net.dll
0x00007ffa83170000 - 0x00007ffa8327c000 	C:\WINDOWS\SYSTEM32\WINHTTP.dll
0x00007ffa8d500000 - 0x00007ffa8d56a000 	C:\WINDOWS\system32\mswsock.dll
0x00007ffa63260000 - 0x00007ffa63276000 	C:\Users\Арина\.jdks\openjdk-19.0.1\bin\nio.dll
0x00007ffa60100000 - 0x00007ffa60118000 	C:\Users\Арина\.jdks\openjdk-19.0.1\bin\zip.dll
0x00007ffa86a60000 - 0x00007ffa86a7a000 	C:\Program Files\JetBrains\IntelliJ IDEA 2022.2.4\bin\breakgen64.dll
0x00000150e8e20000 - 0x00000150e8e23000 	C:\Users\Арина\.openjfx\cache\19-ea+7\amd64\api-ms-win-core-console-l1-1-0.dll
0x00000150e8e30000 - 0x00000150e8e33000 	C:\Users\Арина\.openjfx\cache\19-ea+7\amd64\api-ms-win-core-console-l1-2-0.dll
0x00000150e8e40000 - 0x00000150e8e43000 	C:\Users\Арина\.openjfx\cache\19-ea+7\amd64\api-ms-win-core-datetime-l1-1-0.dll
0x00000150e8e50000 - 0x00000150e8e53000 	C:\Users\Арина\.openjfx\cache\19-ea+7\amd64\api-ms-win-core-debug-l1-1-0.dll
0x00000150e8e60000 - 0x00000150e8e63000 	C:\Users\Арина\.openjfx\cache\19-ea+7\amd64\api-ms-win-core-errorhandling-l1-1-0.dll
0x00000150e8e70000 - 0x00000150e8e74000 	C:\Users\Арина\.openjfx\cache\19-ea+7\amd64\api-ms-win-core-file-l1-1-0.dll
0x00000150e8e80000 - 0x00000150e8e83000 	C:\Users\Арина\.openjfx\cache\19-ea+7\amd64\api-ms-win-core-file-l1-2-0.dll
0x00000150e8e90000 - 0x00000150e8e93000 	C:\Users\Арина\.openjfx\cache\19-ea+7\amd64\api-ms-win-core-file-l2-1-0.dll
0x00000150e8ea0000 - 0x00000150e8ea3000 	C:\Users\Арина\.openjfx\cache\19-ea+7\amd64\api-ms-win-core-handle-l1-1-0.dll
0x00000150e8eb0000 - 0x00000150e8eb3000 	C:\Users\Арина\.openjfx\cache\19-ea+7\amd64\api-ms-win-core-heap-l1-1-0.dll
0x00000150e8ec0000 - 0x00000150e8ec3000 	C:\Users\Арина\.openjfx\cache\19-ea+7\amd64\api-ms-win-core-interlocked-l1-1-0.dll
0x00000150e8ed0000 - 0x00000150e8ed3000 	C:\Users\Арина\.openjfx\cache\19-ea+7\amd64\api-ms-win-core-libraryloader-l1-1-0.dll
0x00000150e8ee0000 - 0x00000150e8ee3000 	C:\Users\Арина\.openjfx\cache\19-ea+7\amd64\api-ms-win-core-localization-l1-2-0.dll
0x00000150e8ef0000 - 0x00000150e8ef3000 	C:\Users\Арина\.openjfx\cache\19-ea+7\amd64\api-ms-win-core-memory-l1-1-0.dll
0x00000150e8f00000 - 0x00000150e8f03000 	C:\Users\Арина\.openjfx\cache\19-ea+7\amd64\api-ms-win-core-namedpipe-l1-1-0.dll
0x00000150e8f10000 - 0x00000150e8f13000 	C:\Users\Арина\.openjfx\cache\19-ea+7\amd64\api-ms-win-core-processenvironment-l1-1-0.dll
0x00000150e8f20000 - 0x00000150e8f23000 	C:\Users\Арина\.openjfx\cache\19-ea+7\amd64\api-ms-win-core-processthreads-l1-1-0.dll
0x00000150e8f30000 - 0x00000150e8f33000 	C:\Users\Арина\.openjfx\cache\19-ea+7\amd64\api-ms-win-core-processthreads-l1-1-1.dll
0x00000150e8f40000 - 0x00000150e8f43000 	C:\Users\Арина\.openjfx\cache\19-ea+7\amd64\api-ms-win-core-profile-l1-1-0.dll
0x00000150e8f50000 - 0x00000150e8f53000 	C:\Users\Арина\.openjfx\cache\19-ea+7\amd64\api-ms-win-core-rtlsupport-l1-1-0.dll
0x00000150e8f60000 - 0x00000150e8f63000 	C:\Users\Арина\.openjfx\cache\19-ea+7\amd64\api-ms-win-core-string-l1-1-0.dll
0x00000150e8f70000 - 0x00000150e8f73000 	C:\Users\Арина\.openjfx\cache\19-ea+7\amd64\api-ms-win-core-synch-l1-1-0.dll
0x00000150e8f80000 - 0x00000150e8f83000 	C:\Users\Арина\.openjfx\cache\19-ea+7\amd64\api-ms-win-core-synch-l1-2-0.dll
0x00000150e8f90000 - 0x00000150e8f93000 	C:\Users\Арина\.openjfx\cache\19-ea+7\amd64\api-ms-win-core-sysinfo-l1-1-0.dll
0x00000150e8fa0000 - 0x00000150e8fa3000 	C:\Users\Арина\.openjfx\cache\19-ea+7\amd64\api-ms-win-core-timezone-l1-1-0.dll
0x00000150e8fb0000 - 0x00000150e8fb3000 	C:\Users\Арина\.openjfx\cache\19-ea+7\amd64\api-ms-win-core-util-l1-1-0.dll
0x00000150e8fc0000 - 0x00000150e8fc3000 	C:\Users\Арина\.openjfx\cache\19-ea+7\amd64\api-ms-win-crt-conio-l1-1-0.dll
0x00000150e8fd0000 - 0x00000150e8fd4000 	C:\Users\Арина\.openjfx\cache\19-ea+7\amd64\api-ms-win-crt-convert-l1-1-0.dll
0x00000150e8fe0000 - 0x00000150e8fe3000 	C:\Users\Арина\.openjfx\cache\19-ea+7\amd64\api-ms-win-crt-environment-l1-1-0.dll
0x00000150e8ff0000 - 0x00000150e8ff3000 	C:\Users\Арина\.openjfx\cache\19-ea+7\amd64\api-ms-win-crt-filesystem-l1-1-0.dll
0x00000150edc00000 - 0x00000150edc03000 	C:\Users\Арина\.openjfx\cache\19-ea+7\amd64\api-ms-win-crt-heap-l1-1-0.dll
0x00000150edc10000 - 0x00000150edc13000 	C:\Users\Арина\.openjfx\cache\19-ea+7\amd64\api-ms-win-crt-locale-l1-1-0.dll
0x00000150edc20000 - 0x00000150edc25000 	C:\Users\Арина\.openjfx\cache\19-ea+7\amd64\api-ms-win-crt-math-l1-1-0.dll
0x00000150edc30000 - 0x00000150edc35000 	C:\Users\Арина\.openjfx\cache\19-ea+7\amd64\api-ms-win-crt-multibyte-l1-1-0.dll
0x00000150edc40000 - 0x00000150edc50000 	C:\Users\Арина\.openjfx\cache\19-ea+7\amd64\api-ms-win-crt-private-l1-1-0.dll
0x00000150edc50000 - 0x00000150edc53000 	C:\Users\Арина\.openjfx\cache\19-ea+7\amd64\api-ms-win-crt-process-l1-1-0.dll
0x00000150edc60000 - 0x00000150edc64000 	C:\Users\Арина\.openjfx\cache\19-ea+7\amd64\api-ms-win-crt-runtime-l1-1-0.dll
0x00000150edc70000 - 0x00000150edc74000 	C:\Users\Арина\.openjfx\cache\19-ea+7\amd64\api-ms-win-crt-stdio-l1-1-0.dll
0x00000150edc80000 - 0x00000150edc84000 	C:\Users\Арина\.openjfx\cache\19-ea+7\amd64\api-ms-win-crt-string-l1-1-0.dll
0x00000150edc90000 - 0x00000150edc93000 	C:\Users\Арина\.openjfx\cache\19-ea+7\amd64\api-ms-win-crt-time-l1-1-0.dll
0x00000150edca0000 - 0x00000150edca3000 	C:\Users\Арина\.openjfx\cache\19-ea+7\amd64\api-ms-win-crt-utility-l1-1-0.dll
0x00007ffa4ee70000 - 0x00007ffa4ef6c000 	C:\Users\Арина\.openjfx\cache\19-ea+7\amd64\ucrtbase.dll
0x00007ffa74e60000 - 0x00007ffa74e7b000 	C:\Users\Арина\.openjfx\cache\19-ea+7\amd64\vcruntime140.dll
0x00007ffa86a50000 - 0x00007ffa86a5c000 	C:\Users\Арина\.openjfx\cache\19-ea+7\amd64\vcruntime140_1.dll
0x00007ffa4fcf0000 - 0x00007ffa4fd7e000 	C:\Users\Арина\.openjfx\cache\19-ea+7\amd64\msvcp140.dll
0x00007ffa6e950000 - 0x00007ffa6e97c000 	C:\Users\Арина\.openjfx\cache\19-ea+7\amd64\prism_d3d.dll
0x00007ffa5e080000 - 0x00007ffa5e24f000 	C:\WINDOWS\system32\d3d9.dll
0x00007ffa8b760000 - 0x00007ffa8b78f000 	C:\WINDOWS\SYSTEM32\dwmapi.dll
0x00007ffa8b470000 - 0x00007ffa8b50e000 	C:\WINDOWS\system32\uxtheme.dll
0x00007ffa50750000 - 0x00007ffa508b5000 	C:\WINDOWS\System32\DriverStore\FileRepository\iigd_dch.inf_amd64_4b31d9b38e2bb506\igdumdim64.dll
0x00007ffa8fda0000 - 0x00007ffa8feca000 	C:\WINDOWS\System32\ole32.dll
0x00007ffa221f0000 - 0x00007ffa25e7b000 	C:\WINDOWS\System32\DriverStore\FileRepository\iigd_dch.inf_amd64_4b31d9b38e2bb506\igd9dxva64.dll
0x00007ffa90210000 - 0x00007ffa902dd000 	C:\WINDOWS\System32\OLEAUT32.dll
0x00007ffa8ec10000 - 0x00007ffa8f078000 	C:\WINDOWS\System32\SETUPAPI.dll
0x00007ffa8e1d0000 - 0x00007ffa8e21e000 	C:\WINDOWS\System32\cfgmgr32.dll
0x00007ffa8e6b0000 - 0x00007ffa8e6d7000 	C:\WINDOWS\System32\bcrypt.dll
0x00007ffa79230000 - 0x00007ffa79566000 	C:\WINDOWS\System32\DriverStore\FileRepository\iigd_dch.inf_amd64_4b31d9b38e2bb506\igdgmm64.dll
0x00007ffa6c7f0000 - 0x00007ffa6c832000 	C:\Users\Арина\.openjfx\cache\19-ea+7\amd64\glass.dll
0x00007ffa8e810000 - 0x00007ffa8e8ea000 	C:\WINDOWS\System32\COMDLG32.dll
0x00007ffa90030000 - 0x00007ffa90145000 	C:\WINDOWS\System32\MSCTF.dll
0x00007ffa67b10000 - 0x00007ffa67b37000 	C:\WINDOWS\System32\DriverStore\FileRepository\iigd_dch.inf_amd64_4b31d9b38e2bb506\igdinfo64.dll
0x00007ffa8d6f0000 - 0x00007ffa8d708000 	C:\WINDOWS\SYSTEM32\CRYPTSP.dll
0x00007ffa8ce20000 - 0x00007ffa8ce54000 	C:\WINDOWS\system32\rsaenh.dll
0x00007ffa8d710000 - 0x00007ffa8d71c000 	C:\WINDOWS\SYSTEM32\CRYPTBASE.dll
0x00007ffa762e0000 - 0x00007ffa7906f000 	C:\WINDOWS\System32\DriverStore\FileRepository\iigd_dch.inf_amd64_4b31d9b38e2bb506\igc64.dll
0x00007ffa799a0000 - 0x00007ffa799db000 	C:\WINDOWS\SYSTEM32\dxcore.dll
0x00007ffa74b30000 - 0x00007ffa74b40000 	C:\Users\Арина\.jdks\openjdk-19.0.1\bin\verify.dll
0x00007ffa8dd50000 - 0x00007ffa8dd7e000 	C:\WINDOWS\SYSTEM32\USERENV.dll
0x00007ffa8d1f0000 - 0x00007ffa8d22b000 	C:\WINDOWS\SYSTEM32\IPHLPAPI.DLL
0x00007ffa8e900000 - 0x00007ffa8e908000 	C:\WINDOWS\System32\NSI.dll
0x00007ffa847a0000 - 0x00007ffa847b7000 	C:\WINDOWS\SYSTEM32\dhcpcsvc6.DLL
0x00007ffa853c0000 - 0x00007ffa853dd000 	C:\WINDOWS\SYSTEM32\dhcpcsvc.DLL
0x00007ffa8d230000 - 0x00007ffa8d2fa000 	C:\WINDOWS\SYSTEM32\DNSAPI.dll
0x00007ffa830d0000 - 0x00007ffa830da000 	C:\Windows\System32\rasadhlp.dll
0x00007ffa830f0000 - 0x00007ffa83170000 	C:\WINDOWS\System32\fwpuclnt.dll
0x00007ffa6f9d0000 - 0x00007ffa6f9e4000 	C:\Users\Арина\.openjfx\cache\19-ea+7\amd64\javafx_font.dll
0x00007ffa6f9f0000 - 0x00007ffa6fc6f000 	C:\WINDOWS\SYSTEM32\dwrite.dll
0x00007ffa8ff80000 - 0x00007ffa9002f000 	C:\WINDOWS\System32\clbcatq.dll
0x00007ffa8b260000 - 0x00007ffa8b414000 	C:\WINDOWS\SYSTEM32\WindowsCodecs.dll
0x00007ffa6ea60000 - 0x00007ffa6ea9e000 	C:\WINDOWS\system32\dataexchange.dll
0x00007ffa89310000 - 0x00007ffa894f3000 	C:\WINDOWS\system32\dcomp.dll
0x00007ffa88ae0000 - 0x00007ffa88d43000 	C:\WINDOWS\system32\d3d11.dll

dbghelp: loaded successfully - version: 4.0.5 - missing functions: none
symbol engine: initialized successfully - sym options: 0x614 - pdb path: .;C:\Users\Арина\.jdks\openjdk-19.0.1\bin;C:\WINDOWS\SYSTEM32;C:\WINDOWS\WinSxS\amd64_microsoft.windows.common-controls_6595b64144ccf1df_6.0.19041.1110_none_60b5254171f9507e;C:\Users\Арина\.jdks\openjdk-19.0.1\bin\server;C:\Program Files\JetBrains\IntelliJ IDEA 2022.2.4\bin;C:\Users\Арина\.openjfx\cache\19-ea+7\amd64;C:\WINDOWS\System32\DriverStore\FileRepository\iigd_dch.inf_amd64_4b31d9b38e2bb506;C:\Program Files\Common Files\Microsoft Shared\Ink

VM Arguments:
jvm_args: -javaagent:C:\Program Files\JetBrains\IntelliJ IDEA 2022.2.4\lib\idea_rt.jar=58783:C:\Program Files\JetBrains\IntelliJ IDEA 2022.2.4\bin -Dfile.encoding=UTF-8 -Dsun.stdout.encoding=UTF-8 -Dsun.stderr.encoding=UTF-8 --module-path=C:\Users\Арина\.m2\repository\org\projectlombok\lombok\1.18.24\lombok-1.18.24.jar;C:\Users\Арина\.m2\repository\org\openjfx\javafx-graphics\19-ea+7\javafx-graphics-19-ea+7-win.jar;C:\Users\Арина\.m2\repository\com\google\code\gson\gson\2.10\gson-2.10.jar;C:\Users\Арина\.m2\repository\org\apache\httpcomponents\httpclient\4.5.13\httpclient-4.5.13.jar;C:\Users\Арина\IdeaProjects\GKA_interface\target\classes;C:\Users\Арина\.m2\repository\org\apache\httpcomponents\httpcore\4.4.13\httpcore-4.4.13.jar;C:\Users\Арина\.m2\repository\org\openjfx\javafx-base\19-ea+7\javafx-base-19-ea+7-win.jar;C:\Users\Арина\.m2\repository\org\openjfx\javafx-controls\19-ea+7\javafx-controls-19-ea+7-win.jar;C:\Users\Арина\.m2\repository\org\openjfx\javafx-fxml\19-ea+7\javafx-fxml-19-ea+7-win.jar -Djdk.module.main=com.example.gka_interface 
java_command: com.example.gka_interface/com.example.gka_interface.HelloApplication
java_class_path (initial): C:\Users\Арина\.m2\repository\org\openjfx\javafx-controls\19-ea+7\javafx-controls-19-ea+7.jar;C:\Users\Арина\.m2\repository\org\openjfx\javafx-graphics\19-ea+7\javafx-graphics-19-ea+7.jar;C:\Users\Арина\.m2\repository\org\openjfx\javafx-base\19-ea+7\javafx-base-19-ea+7.jar;C:\Users\Арина\.m2\repository\org\openjfx\javafx-fxml\19-ea+7\javafx-fxml-19-ea+7.jar;C:\Users\Арина\.m2\repository\commons-logging\commons-logging\1.2\commons-logging-1.2.jar;C:\Users\Арина\.m2\repository\commons-codec\commons-codec\1.11\commons-codec-1.11.jar
Launcher Type: SUN_STANDARD

[Global flags]
     intx CICompilerCount                          = 4                                         {product} {ergonomic}
     uint ConcGCThreads                            = 2                                         {product} {ergonomic}
     uint G1ConcRefinementThreads                  = 8                                         {product} {ergonomic}
   size_t G1HeapRegionSize                         = 1048576                                   {product} {ergonomic}
    uintx GCDrainStackTargetSize                   = 64                                        {product} {ergonomic}
   size_t InitialHeapSize                          = 132120576                                 {product} {ergonomic}
   size_t MarkStackSize                            = 4194304                                   {product} {ergonomic}
   size_t MaxHeapSize                              = 2095054848                                {product} {ergonomic}
   size_t MaxNewSize                               = 1256194048                                {product} {ergonomic}
   size_t MinHeapDeltaBytes                        = 1048576                                   {product} {ergonomic}
   size_t MinHeapSize                              = 8388608                                   {product} {ergonomic}
    uintx NonNMethodCodeHeapSize                   = 5839372                                {pd product} {ergonomic}
    uintx NonProfiledCodeHeapSize                  = 122909434                              {pd product} {ergonomic}
    uintx ProfiledCodeHeapSize                     = 122909434                              {pd product} {ergonomic}
    uintx ReservedCodeCacheSize                    = 251658240                              {pd product} {ergonomic}
     bool SegmentedCodeCache                       = true                                      {product} {ergonomic}
   size_t SoftMaxHeapSize                          = 2095054848                             {manageable} {ergonomic}
     bool UseCompressedClassPointers               = true                           {product lp64_product} {ergonomic}
     bool UseCompressedOops                        = true                           {product lp64_product} {ergonomic}
     bool UseG1GC                                  = true                                      {product} {ergonomic}
     bool UseLargePagesIndividualAllocation        = false                                  {pd product} {ergonomic}

Logging:
Log output configuration:
 #0: stdout all=off uptime,level,tags foldmultilines=false
 #1: stderr all=off uptime,level,tags foldmultilines=false

Environment Variables:
PATH=C:\Program Files (x86)\Common Files\Oracle\Java\javapath;C:\WINDOWS\system32;C:\WINDOWS;C:\WINDOWS\System32\Wbem;C:\WINDOWS\System32\WindowsPowerShell\v1.0\;C:\WINDOWS\System32\OpenSSH\;C:\Program Files\Git\cmd;C:\Users\Арина\AppData\Local\Microsoft\WindowsApps;C:\Users\Арина\AppData\Local\Programs\Microsoft VS Code\bin;C:\altera\13.1\modelsim_ase\win32aloem;C:\Users\Арина\AppData\Local\GitHubDesktop\bin
USERNAME=Арина
OS=Windows_NT
PROCESSOR_IDENTIFIER=Intel64 Family 6 Model 126 Stepping 5, GenuineIntel
TMP=C:\Users\F730~1\AppData\Local\Temp
TEMP=C:\Users\F730~1\AppData\Local\Temp



---------------  S Y S T E M  ---------------

OS:
 Windows 10 , 64 bit Build 19041 (10.0.19041.2251)
OS uptime: 26 days 3:55 hours

CPU: total 8 (initial active 8) (4 cores per cpu, 2 threads per core) family 6 model 126 stepping 5 microcode 0x70, cx8, cmov, fxsr, ht, mmx, 3dnowpref, sse, sse2, sse3, ssse3, sse4.1, sse4.2, popcnt, lzcnt, tsc, tscinvbit, avx, avx2, aes, erms, clmul, bmi1, bmi2, adx, avx512f, avx512dq, avx512cd, avx512bw, avx512vl, sha, fma, vzeroupper, avx512_vpopcntdq, avx512_vpclmulqdq, avx512_vaes, avx512_vnni, clflush, clflushopt, avx512_vbmi2, avx512_vbmi, rdtscp, rdpid, fsrm, gfni, avx512_bitalg

Memory: 4k page, system-wide physical 7987M (579M free)
TotalPageFile size 21759M (AvailPageFile size 2595M)
current process WorkingSet (physical memory assigned to process): 173M, peak: 224M
current process commit charge ("private bytes"): 250M, peak: 333M

vm_info: OpenJDK 64-Bit Server VM (19.0.1+10-21) for windows-amd64 JRE (19.0.1+10-21), built on 2022-09-14T12:45:06Z by "mach5one" with MS VC++ 17.1 (VS2022)

END.
