#
# A fatal error has been detected by the Java Runtime Environment:
#
#  EXCEPTION_ACCESS_VIOLATION (0xc0000005) at pc=0x00007ffa6e9563b7, pid=36168, tid=86496
#
# JRE version: OpenJDK Runtime Environment (19.0.1+10) (build 19.0.1+10-21)
# Java VM: OpenJDK 64-Bit Server VM (19.0.1+10-21, mixed mode, sharing, tiered, compressed oops, compressed class ptrs, g1 gc, windows-amd64)
# Problematic frame:
# C  [glass.dll+0x263b7]
#
# No core dump will be written. Minidumps are not enabled by default on client versions of Windows
#
# If you would like to submit a bug report, please visit:
#   https://bugreport.java.com/bugreport/crash.jsp
#

---------------  S U M M A R Y ------------

Command Line: -javaagent:C:\Program Files\JetBrains\IntelliJ IDEA 2022.2.4\lib\idea_rt.jar=59184:C:\Program Files\JetBrains\IntelliJ IDEA 2022.2.4\bin -Dfile.encoding=UTF-8 -Dsun.stdout.encoding=UTF-8 -Dsun.stderr.encoding=UTF-8 --module-path=C:\Users\Арина\.m2\repository\org\projectlombok\lombok\1.18.24\lombok-1.18.24.jar;C:\Users\Арина\IdeaProjects\GKA_interface\target\classes;C:\Users\Арина\.m2\repository\org\apache\httpcomponents\httpclient\4.5.13\httpclient-4.5.13.jar;C:\Users\Арина\.m2\repository\org\openjfx\javafx-fxml\19-ea+7\javafx-fxml-19-ea+7-win.jar;C:\Users\Арина\.m2\repository\org\apache\httpcomponents\httpcore\4.4.13\httpcore-4.4.13.jar;C:\Users\Арина\.m2\repository\org\openjfx\javafx-graphics\19-ea+7\javafx-graphics-19-ea+7-win.jar;C:\Users\Арина\.m2\repository\org\openjfx\javafx-base\19-ea+7\javafx-base-19-ea+7-win.jar;C:\Users\Арина\.m2\repository\com\google\code\gson\gson\2.10\gson-2.10.jar;C:\Users\Арина\.m2\repository\org\openjfx\javafx-controls\19-ea+7\javafx-controls-19-ea+7-win.jar -Djdk.module.main=com.example.gka_interface com.example.gka_interface/com.example.gka_interface.HelloApplication

Host: Intel(R) Core(TM) i5-1035G1 CPU @ 1.00GHz, 8 cores, 7G,  Windows 10 , 64 bit Build 19041 (10.0.19041.2251)
Time: Thu Dec  8 23:49:51 2022 RTZ 2 (s 10 , 64 bit Build 19041 (10.0.19041.2251) elapsed time: 54.286984 seconds (0d 0h 0m 54s)

---------------  T H R E A D  ---------------

Current thread (0x000001b865f0dff0):  VMThread "VM Thread" [stack: 0x000000ac56600000,0x000000ac56700000] [id=86496]

Stack: [0x000000ac56600000,0x000000ac56700000],  sp=0x000000ac566fed40,  free space=1019k
Native frames: (J=compiled Java code, j=interpreted, Vv=VM code, C=native code)
C  [glass.dll+0x263b7]


siginfo: EXCEPTION_ACCESS_VIOLATION (0xc0000005), reading address 0x0000000000000000


Registers:
RAX=0x0000000000000000, RBX=0x000001b865f21800, RCX=0x000001b865f0dff0, RDX=0x000000ac566fed40
RSP=0x000000ac566fed40, RBP=0x000001b86aaf6708, RSI=0x000001b86aaf66e0, RDI=0x00009da354b5805d
R8 =0x0000000000010002, R9 =0x00009da354b5805d, R10=0x0000000000008000, R11=0x000000ac566fecd0
R12=0x00007ffa6e953cf0, R13=0x00007ffa48d172a0, R14=0x000000ac566fee38, R15=0x000001b86aaf66e0
RIP=0x00007ffa6e9563b7, EFLAGS=0x0000000000010202


Register to memory mapping:

RIP=0x00007ffa6e9563b7 glass.dll
RAX=0x0 is NULL
RBX=0x000001b865f21800 is a global jni handle
RCX=0x000001b865f0dff0 points into unknown readable memory: 0x00007ffa48b245d8 | d8 45 b2 48 fa 7f 00 00
RDX=0x000000ac566fed40 points into unknown readable memory: 0x0000000000000000 | 00 00 00 00 00 00 00 00
RSP=0x000000ac566fed40 points into unknown readable memory: 0x0000000000000000 | 00 00 00 00 00 00 00 00
RBP=0x000001b86aaf6708 points into unknown readable memory: 0x00009da354b5805d | 5d 80 b5 54 a3 9d 00 00
RSI=0x000001b86aaf66e0 points into unknown readable memory: 0x4dd23aa254b58fa2 | a2 8f b5 54 a2 3a d2 4d
RDI=0x00009da354b5805d is an unknown value
R8 =0x0000000000010002 is an unknown value
R9 =0x00009da354b5805d is an unknown value
R10=0x0000000000008000 is an unknown value
R11=0x000000ac566fecd0 points into unknown readable memory: 0x000001b86aaf66e0 | e0 66 af 6a b8 01 00 00
R12=0x00007ffa6e953cf0 glass.dll
R13=0x00007ffa48d172a0 jvm.dll
R14=0x000000ac566fee38 points into unknown readable memory: 0x000000ac566fee20 | 20 ee 6f 56 ac 00 00 00
R15=0x000001b86aaf66e0 points into unknown readable memory: 0x4dd23aa254b58fa2 | a2 8f b5 54 a2 3a d2 4d


Top of Stack: (sp=0x000000ac566fed40)
0x000000ac566fed40:   0000000000000000 000001b86aaf66e0
0x000000ac566fed50:   00007ffa48d172a0 00007ffa6e953cf0
0x000000ac566fed60:   000001b86aaf66e8 00007ffa8e6f42d6
0x000000ac566fed70:   00009da354b5805d 000001b800000000
0x000000ac566fed80:   000001b86aaf6708 000001b86aaf66e0
0x000000ac566fed90:   fffffffffffffffe 0000000000000000
0x000000ac566feda0:   0000000000000001 00007ffa6e930000
0x000000ac566fedb0:   000000ac566fee28 00007ffa8e6f41fb
0x000000ac566fedc0:   0000000000000000 000000ac566fee38
0x000000ac566fedd0:   000000ac566ff100 00007ffa8e7d0e40
0x000000ac566fede0:   0000000000000001 00007ffa8e6f41b4
0x000000ac566fedf0:   0000000000000000 0000000000000001
0x000000ac566fee00:   00007ffa00000001 000000ac566fee28
0x000000ac566fee10:   0000000000000000 00007ffa6e953b7d
0x000000ac566fee20:   00007ffa6e969f88 00007ffa00000002
0x000000ac566fee30:   0000000000000002 000000ac566fee20 

Instructions: (pc=0x00007ffa6e9563b7)
0x00007ffa6e9562b7:   8b 4d 58 e8 7d cf ff ff 48 8b 4d 60 e8 74 cf ff
0x00007ffa6e9562c7:   ff 48 8b 95 80 00 00 00 48 8b 8d 18 01 00 00 e8
0x00007ffa6e9562d7:   66 c4 ff ff 33 d2 33 c9 e8 bc e1 ff ff 90 48 89
0x00007ffa6e9562e7:   54 24 10 55 48 83 ec 20 48 8b ea 48 b8 00 00 00
0x00007ffa6e9562f7:   00 00 00 00 00 48 83 c4 20 5d c3 cc 40 55 48 8b
0x00007ffa6e956307:   ea 48 8b 01 33 c9 81 38 05 00 00 c0 0f 94 c1 8b
0x00007ffa6e956317:   c1 5d c3 cc 40 55 48 83 ec 20 48 8b ea 8a 4d 40
0x00007ffa6e956327:   48 83 c4 20 5d e9 63 d3 ff ff cc 40 55 48 83 ec
0x00007ffa6e956337:   20 48 8b ea 8a 4d 20 e8 51 d3 ff ff 90 48 83 c4
0x00007ffa6e956347:   20 5d c3 cc 40 55 48 83 ec 20 48 8b ea 48 83 c4
0x00007ffa6e956357:   20 5d e9 b2 d1 ff ff cc 40 55 48 83 ec 30 48 8b
0x00007ffa6e956367:   ea 48 8b 01 8b 10 48 89 4c 24 28 89 54 24 20 4c
0x00007ffa6e956377:   8d 0d 53 d6 ff ff 4c 8b 45 70 8b 55 68 48 8b 4d
0x00007ffa6e956387:   60 e8 f3 d0 ff ff 90 48 83 c4 30 5d c3 cc cc cc
0x00007ffa6e956397:   cc cc cc cc cc cc cc cc cc 40 53 48 83 ec 20 48
0x00007ffa6e9563a7:   8b 1d db 35 01 00 48 85 db 74 16 e8 79 8b ff ff
0x00007ffa6e9563b7:   4c 8b 00 48 8b d3 48 8b c8 41 ff 90 b0 00 00 00
0x00007ffa6e9563c7:   90 48 83 c4 20 5b c3 cc cc 40 53 48 83 ec 20 48
0x00007ffa6e9563d7:   8b 1d 4b 37 01 00 48 85 db 74 57 b8 ff ff ff ff
0x00007ffa6e9563e7:   f0 0f c1 43 10 83 f8 01 75 3d 48 85 db 74 38 48
0x00007ffa6e9563f7:   8b 0b 48 85 c9 74 0d ff 15 a4 0e 00 00 48 c7 03
0x00007ffa6e956407:   00 00 00 00 48 8b 4b 08 48 85 c9 74 0d e8 23 ce
0x00007ffa6e956417:   ff ff 48 c7 43 08 00 00 00 00 ba 18 00 00 00 48
0x00007ffa6e956427:   8b cb e8 0e ce ff ff 48 c7 05 ef 36 01 00 00 00
0x00007ffa6e956437:   00 00 48 83 c4 20 5b c3 cc 40 53 48 83 ec 20 48
0x00007ffa6e956447:   8b 1d bb 36 01 00 48 85 db 74 57 b8 ff ff ff ff
0x00007ffa6e956457:   f0 0f c1 43 10 83 f8 01 75 3d 48 85 db 74 38 48
0x00007ffa6e956467:   8b 0b 48 85 c9 74 0d ff 15 34 0e 00 00 48 c7 03
0x00007ffa6e956477:   00 00 00 00 48 8b 4b 08 48 85 c9 74 0d e8 b3 cd
0x00007ffa6e956487:   ff ff 48 c7 43 08 00 00 00 00 ba 18 00 00 00 48
0x00007ffa6e956497:   8b cb e8 9e cd ff ff 48 c7 05 5f 36 01 00 00 00
0x00007ffa6e9564a7:   00 00 48 83 c4 20 5b c3 cc 40 53 48 83 ec 20 48 


Stack slot to memory mapping:
stack at sp + 0 slots: 0x0 is NULL
stack at sp + 1 slots: 0x000001b86aaf66e0 points into unknown readable memory: 0x4dd23aa254b58fa2 | a2 8f b5 54 a2 3a d2 4d
stack at sp + 2 slots: 0x00007ffa48d172a0 jvm.dll
stack at sp + 3 slots: 0x00007ffa6e953cf0 glass.dll
stack at sp + 4 slots: 0x000001b86aaf66e8 points into unknown readable memory: 0x00009da354b5805d | 5d 80 b5 54 a3 9d 00 00
stack at sp + 5 slots: 0x00007ffa8e6f42d6 ucrtbase.dll
stack at sp + 6 slots: 0x00009da354b5805d is an unknown value
stack at sp + 7 slots: 0x000001b800000000 is an unknown value

VM_Operation (0x000000ac58fff030): Exit, mode: safepoint, requested by thread 0x000001b86ff8a250


---------------  P R O C E S S  ---------------

Threads class SMR info:
_java_thread_list=0x000001b86fe26340, length=20, elements={
0x000001b84586c3f0, 0x000001b865f29cb0, 0x000001b865f2a7e0, 0x000001b865f30570,
0x000001b865f30ea0, 0x000001b865f337e0, 0x000001b865f3e6e0, 0x000001b865f4b1c0,
0x000001b865f5fb30, 0x000001b86a1c8ac0, 0x000001b86a75ace0, 0x000001b86a5e5470,
0x000001b86aaa7e40, 0x000001b86ab533e0, 0x000001b86ab54e20, 0x000001b86fddce20,
0x000001b86ff08980, 0x000001b86ff89d00, 0x000001b86ff887c0, 0x000001b86ff8a250
}

Java Threads: ( => current thread )
  0x000001b84586c3f0 JavaThread "main" [_thread_blocked, id=130780, stack(0x000000ac56000000,0x000000ac56100000)]
  0x000001b865f29cb0 JavaThread "Reference Handler" daemon [_thread_blocked, id=114116, stack(0x000000ac56700000,0x000000ac56800000)]
  0x000001b865f2a7e0 JavaThread "Finalizer" daemon [_thread_blocked, id=124484, stack(0x000000ac56800000,0x000000ac56900000)]
  0x000001b865f30570 JavaThread "Attach Listener" daemon [_thread_blocked, id=96536, stack(0x000000ac56a00000,0x000000ac56b00000)]
  0x000001b865f30ea0 JavaThread "Service Thread" daemon [_thread_blocked, id=105844, stack(0x000000ac56b00000,0x000000ac56c00000)]
  0x000001b865f337e0 JavaThread "Monitor Deflation Thread" daemon [_thread_blocked, id=90468, stack(0x000000ac56c00000,0x000000ac56d00000)]
  0x000001b865f3e6e0 JavaThread "C2 CompilerThread0" daemon [_thread_blocked, id=133712, stack(0x000000ac56d00000,0x000000ac56e00000)]
  0x000001b865f4b1c0 JavaThread "C1 CompilerThread0" daemon [_thread_blocked, id=28896, stack(0x000000ac56e00000,0x000000ac56f00000)]
  0x000001b865f5fb30 JavaThread "Sweeper thread" daemon [_thread_blocked, id=129288, stack(0x000000ac56f00000,0x000000ac57000000)]
  0x000001b86a1c8ac0 JavaThread "Common-Cleaner" daemon [_thread_blocked, id=129036, stack(0x000000ac57000000,0x000000ac57100000)]
  0x000001b86a75ace0 JavaThread "Monitor Ctrl-Break" daemon [_thread_in_native, id=120784, stack(0x000000ac57300000,0x000000ac57400000)]
  0x000001b86a5e5470 JavaThread "Notification Thread" daemon [_thread_blocked, id=125024, stack(0x000000ac57400000,0x000000ac57500000)]
  0x000001b86aaa7e40 JavaThread "QuantumRenderer-0" daemon [_thread_blocked, id=31584, stack(0x000000ac57600000,0x000000ac57700000)]
  0x000001b86ab533e0 JavaThread "InvokeLaterDispatcher" daemon [_thread_blocked, id=31408, stack(0x000000ac57700000,0x000000ac57800000)]
  0x000001b86ab54e20 JavaThread "JavaFX Application Thread" [_thread_in_native, id=23556, stack(0x000000ac57800000,0x000000ac57900000)]
  0x000001b86fddce20 JavaThread "Thread-1" daemon [_thread_in_native, id=93720, stack(0x000000ac57c00000,0x000000ac57d00000)]
  0x000001b86ff08980 JavaThread "JavaFX-Launcher" [_thread_blocked, id=112184, stack(0x000000ac58200000,0x000000ac58300000)]
  0x000001b86ff89d00 JavaThread "Prism Font Disposer" daemon [_thread_blocked, id=128284, stack(0x000000ac58300000,0x000000ac58400000)]
  0x000001b86ff887c0 JavaThread "Cleaner-0" daemon [_thread_blocked, id=58916, stack(0x000000ac58d00000,0x000000ac58e00000)]
  0x000001b86ff8a250 JavaThread "SIGINT handler" daemon [_thread_blocked, id=132196, stack(0x000000ac58f00000,0x000000ac59000000)]

Other Threads:
=>0x000001b865f0dff0 VMThread "VM Thread" [stack: 0x000000ac56600000,0x000000ac56700000] [id=86496]
  0x000001b8458cbd70 WorkerThread "GC Thread#0" [stack: 0x000000ac56100000,0x000000ac56200000] [id=117236]
  0x000001b86ad0db90 WorkerThread "GC Thread#1" [stack: 0x000000ac57d00000,0x000000ac57e00000] [id=128336]
  0x000001b86fe40670 WorkerThread "GC Thread#2" [stack: 0x000000ac57e00000,0x000000ac57f00000] [id=102268]
  0x000001b86fdb7e90 WorkerThread "GC Thread#3" [stack: 0x000000ac57f00000,0x000000ac58000000] [id=86404]
  0x000001b86fdb8160 WorkerThread "GC Thread#4" [stack: 0x000000ac58000000,0x000000ac58100000] [id=111260]
  0x000001b86fe83090 WorkerThread "GC Thread#5" [stack: 0x000000ac58100000,0x000000ac58200000] [id=86216]
  0x000001b86fe83360 WorkerThread "GC Thread#6" [stack: 0x000000ac58400000,0x000000ac58500000] [id=95136]
  0x000001b86fe83630 WorkerThread "GC Thread#7" [stack: 0x000000ac58500000,0x000000ac58600000] [id=54932]
  0x000001b8458dc740 ConcurrentGCThread "G1 Main Marker" terminated
  0x000001b8458de830 WorkerThread "G1 Conc#0" [stack: 0x000000ac56300000,0x000000ac56400000] [id=43848]
  0x000001b86fe81fb0 WorkerThread "G1 Conc#1" [stack: 0x000000ac58e00000,0x000000ac58f00000] [id=91500]
  0x000001b84593e1f0 ConcurrentGCThread "G1 Refine#0" terminated
  0x000001b84593eae0 ConcurrentGCThread "G1 Service" terminated

Threads with active compile tasks:

VM state: at safepoint (shutting down)

VM Mutex/Monitor currently owned by a thread:  ([mutex/lock_event])
[0x000001b845869f30] Threads_lock - owner thread: 0x000001b865f0dff0
[0x000001b845868c10] Heap_lock - owner thread: 0x000001b86ff8a250

Heap address: 0x0000000083200000, size: 1998 MB, Compressed Oops mode: 32-bit

CDS archive(s) mapped at: [0x0000000800000000-0x0000000800c30000-0x0000000800c30000), size 12779520, SharedBaseAddress: 0x0000000800000000, ArchiveRelocationMode: 0.
Compressed class space mapped at: 0x0000000801000000-0x0000000841000000, reserved size: 1073741824
Narrow klass base: 0x0000000800000000, Narrow klass shift: 0, Narrow klass range: 0x100000000

GC Precious Log:
 CardTable entry size: 512
 Card Set container configuration: InlinePtr #cards 5 size 8 Array Of Cards #cards 12 size 40 Howl #buckets 4 coarsen threshold 1843 Howl Bitmap #cards 512 size 80 coarsen threshold 460 Card regions per heap region 1 cards per card region 2048
 CPUs: 8 total, 8 available
 Memory: 7987M
 Large Page Support: Disabled
 NUMA Support: Disabled
 Compressed Oops: Enabled (32-bit)
 Heap Region Size: 1M
 Heap Min Capacity: 8M
 Heap Initial Capacity: 126M
 Heap Max Capacity: 1998M
 Pre-touch: Disabled
 Parallel Workers: 8
 Concurrent Workers: 2
 Concurrent Refinement Workers: 8
 Periodic GC: Disabled

Heap:
 garbage-first heap   total 68608K, used 24538K [0x0000000083200000, 0x0000000100000000)
  region size 1024K, 15 young (15360K), 9 survivors (9216K)
 Metaspace       used 21450K, committed 21888K, reserved 1114112K
  class space    used 2832K, committed 3008K, reserved 1048576K

Heap Regions: E=young(eden), S=young(survivor), O=old, HS=humongous(starts), HC=humongous(continues), CS=collection set, F=free, OA=open archive, CA=closed archive, TAMS=top-at-mark-start (previous, next)
|   0|0x0000000083200000, 0x0000000083300000, 0x0000000083300000|100%|HS|  |TAMS 0x0000000083300000, 0x0000000083200000| Complete 
|   1|0x0000000083300000, 0x0000000083400000, 0x0000000083400000|100%|HC|  |TAMS 0x0000000083400000, 0x0000000083300000| Complete 
|   2|0x0000000083400000, 0x0000000083500000, 0x0000000083500000|100%| O|  |TAMS 0x0000000083500000, 0x0000000083400000| Untracked 
|   3|0x0000000083500000, 0x0000000083600000, 0x0000000083600000|100%| O|  |TAMS 0x0000000083600000, 0x0000000083500000| Untracked 
|   4|0x0000000083600000, 0x00000000836b3e00, 0x0000000083700000| 70%| O|  |TAMS 0x00000000836b3e00, 0x0000000083600000| Complete 
|   5|0x0000000083700000, 0x0000000083800000, 0x0000000083800000|100%|HS|  |TAMS 0x0000000083800000, 0x0000000083700000| Complete 
|   6|0x0000000083800000, 0x0000000083900000, 0x0000000083900000|100%|HC|  |TAMS 0x0000000083900000, 0x0000000083800000| Complete 
|   7|0x0000000083900000, 0x0000000083a00000, 0x0000000083a00000|100%|HS|  |TAMS 0x0000000083a00000, 0x0000000083900000| Complete 
|   8|0x0000000083a00000, 0x0000000083b00000, 0x0000000083b00000|100%|HC|  |TAMS 0x0000000083b00000, 0x0000000083a00000| Complete 
|   9|0x0000000083b00000, 0x0000000083c00000, 0x0000000083c00000|100%|HS|  |TAMS 0x0000000083b00000, 0x0000000083b00000| Complete 
|  10|0x0000000083c00000, 0x0000000083d00000, 0x0000000083d00000|100%|HC|  |TAMS 0x0000000083c00000, 0x0000000083c00000| Complete 
|  11|0x0000000083d00000, 0x0000000083d00000, 0x0000000083e00000|  0%| F|  |TAMS 0x0000000083d00000, 0x0000000083d00000| Untracked 
|  12|0x0000000083e00000, 0x0000000083e00000, 0x0000000083f00000|  0%| F|  |TAMS 0x0000000083e00000, 0x0000000083e00000| Untracked 
|  13|0x0000000083f00000, 0x0000000083f00000, 0x0000000084000000|  0%| F|  |TAMS 0x0000000083f00000, 0x0000000083f00000| Untracked 
|  14|0x0000000084000000, 0x0000000084000000, 0x0000000084100000|  0%| F|  |TAMS 0x0000000084000000, 0x0000000084000000| Untracked 
|  15|0x0000000084100000, 0x0000000084100000, 0x0000000084200000|  0%| F|  |TAMS 0x0000000084100000, 0x0000000084100000| Untracked 
|  16|0x0000000084200000, 0x0000000084200000, 0x0000000084300000|  0%| F|  |TAMS 0x0000000084200000, 0x0000000084200000| Untracked 
|  17|0x0000000084300000, 0x0000000084300000, 0x0000000084400000|  0%| F|  |TAMS 0x0000000084300000, 0x0000000084300000| Untracked 
|  18|0x0000000084400000, 0x0000000084400000, 0x0000000084500000|  0%| F|  |TAMS 0x0000000084400000, 0x0000000084400000| Untracked 
|  19|0x0000000084500000, 0x0000000084500000, 0x0000000084600000|  0%| F|  |TAMS 0x0000000084500000, 0x0000000084500000| Untracked 
|  20|0x0000000084600000, 0x0000000084600000, 0x0000000084700000|  0%| F|  |TAMS 0x0000000084600000, 0x0000000084600000| Untracked 
|  21|0x0000000084700000, 0x0000000084700000, 0x0000000084800000|  0%| F|  |TAMS 0x0000000084700000, 0x0000000084700000| Untracked 
|  22|0x0000000084800000, 0x0000000084800000, 0x0000000084900000|  0%| F|  |TAMS 0x0000000084800000, 0x0000000084800000| Untracked 
|  23|0x0000000084900000, 0x0000000084900000, 0x0000000084a00000|  0%| F|  |TAMS 0x0000000084900000, 0x0000000084900000| Untracked 
|  24|0x0000000084a00000, 0x0000000084a00000, 0x0000000084b00000|  0%| F|  |TAMS 0x0000000084a00000, 0x0000000084a00000| Untracked 
|  25|0x0000000084b00000, 0x0000000084b00000, 0x0000000084c00000|  0%| F|  |TAMS 0x0000000084b00000, 0x0000000084b00000| Untracked 
|  26|0x0000000084c00000, 0x0000000084c00000, 0x0000000084d00000|  0%| F|  |TAMS 0x0000000084c00000, 0x0000000084c00000| Untracked 
|  27|0x0000000084d00000, 0x0000000084d00000, 0x0000000084e00000|  0%| F|  |TAMS 0x0000000084d00000, 0x0000000084d00000| Untracked 
|  28|0x0000000084e00000, 0x0000000084e00000, 0x0000000084f00000|  0%| F|  |TAMS 0x0000000084e00000, 0x0000000084e00000| Untracked 
|  29|0x0000000084f00000, 0x0000000084f00000, 0x0000000085000000|  0%| F|  |TAMS 0x0000000084f00000, 0x0000000084f00000| Untracked 
|  30|0x0000000085000000, 0x0000000085000000, 0x0000000085100000|  0%| F|  |TAMS 0x0000000085000000, 0x0000000085000000| Untracked 
|  31|0x0000000085100000, 0x0000000085100000, 0x0000000085200000|  0%| F|  |TAMS 0x0000000085100000, 0x0000000085100000| Untracked 
|  32|0x0000000085200000, 0x0000000085200000, 0x0000000085300000|  0%| F|  |TAMS 0x0000000085200000, 0x0000000085200000| Untracked 
|  33|0x0000000085300000, 0x0000000085300000, 0x0000000085400000|  0%| F|  |TAMS 0x0000000085300000, 0x0000000085300000| Untracked 
|  34|0x0000000085400000, 0x0000000085400000, 0x0000000085500000|  0%| F|  |TAMS 0x0000000085400000, 0x0000000085400000| Untracked 
|  35|0x0000000085500000, 0x0000000085500000, 0x0000000085600000|  0%| F|  |TAMS 0x0000000085500000, 0x0000000085500000| Untracked 
|  36|0x0000000085600000, 0x0000000085600000, 0x0000000085700000|  0%| F|  |TAMS 0x0000000085600000, 0x0000000085600000| Untracked 
|  37|0x0000000085700000, 0x0000000085700000, 0x0000000085800000|  0%| F|  |TAMS 0x0000000085700000, 0x0000000085700000| Untracked 
|  38|0x0000000085800000, 0x0000000085800000, 0x0000000085900000|  0%| F|  |TAMS 0x0000000085800000, 0x0000000085800000| Untracked 
|  39|0x0000000085900000, 0x0000000085900000, 0x0000000085a00000|  0%| F|  |TAMS 0x0000000085900000, 0x0000000085900000| Untracked 
|  40|0x0000000085a00000, 0x0000000085a00000, 0x0000000085b00000|  0%| F|  |TAMS 0x0000000085a00000, 0x0000000085a00000| Untracked 
|  41|0x0000000085b00000, 0x0000000085b00000, 0x0000000085c00000|  0%| F|  |TAMS 0x0000000085b00000, 0x0000000085b00000| Untracked 
|  42|0x0000000085c00000, 0x0000000085c00000, 0x0000000085d00000|  0%| F|  |TAMS 0x0000000085c00000, 0x0000000085c00000| Untracked 
|  43|0x0000000085d00000, 0x0000000085d00000, 0x0000000085e00000|  0%| F|  |TAMS 0x0000000085d00000, 0x0000000085d00000| Untracked 
|  44|0x0000000085e00000, 0x0000000085e00000, 0x0000000085f00000|  0%| F|  |TAMS 0x0000000085e00000, 0x0000000085e00000| Untracked 
|  45|0x0000000085f00000, 0x0000000085f00000, 0x0000000086000000|  0%| F|  |TAMS 0x0000000085f00000, 0x0000000085f00000| Untracked 
|  46|0x0000000086000000, 0x0000000086000000, 0x0000000086100000|  0%| F|  |TAMS 0x0000000086000000, 0x0000000086000000| Untracked 
|  47|0x0000000086100000, 0x0000000086100000, 0x0000000086200000|  0%| F|  |TAMS 0x0000000086100000, 0x0000000086100000| Untracked 
|  48|0x0000000086200000, 0x0000000086200000, 0x0000000086300000|  0%| F|  |TAMS 0x0000000086200000, 0x0000000086200000| Untracked 
|  49|0x0000000086300000, 0x0000000086300000, 0x0000000086400000|  0%| F|  |TAMS 0x0000000086300000, 0x0000000086300000| Untracked 
|  50|0x0000000086400000, 0x0000000086400000, 0x0000000086500000|  0%| F|  |TAMS 0x0000000086400000, 0x0000000086400000| Untracked 
|  51|0x0000000086500000, 0x0000000086500000, 0x0000000086600000|  0%| F|  |TAMS 0x0000000086500000, 0x0000000086500000| Untracked 
|  52|0x0000000086600000, 0x0000000086628330, 0x0000000086700000| 15%| E|  |TAMS 0x0000000086600000, 0x0000000086600000| Complete 
|  53|0x0000000086700000, 0x0000000086800000, 0x0000000086800000|100%| E|CS|TAMS 0x0000000086700000, 0x0000000086700000| Complete 
|  54|0x0000000086800000, 0x0000000086900000, 0x0000000086900000|100%| E|CS|TAMS 0x0000000086800000, 0x0000000086800000| Complete 
|  55|0x0000000086900000, 0x0000000086a00000, 0x0000000086a00000|100%| E|CS|TAMS 0x0000000086900000, 0x0000000086900000| Complete 
|  83|0x0000000088500000, 0x0000000088542d60, 0x0000000088600000| 26%| S|CS|TAMS 0x0000000088500000, 0x0000000088500000| Complete 
|  89|0x0000000088b00000, 0x0000000088c00000, 0x0000000088c00000|100%| S|CS|TAMS 0x0000000088b00000, 0x0000000088b00000| Complete 
|  90|0x0000000088c00000, 0x0000000088d00000, 0x0000000088d00000|100%| S|CS|TAMS 0x0000000088c00000, 0x0000000088c00000| Complete 
|  91|0x0000000088d00000, 0x0000000088e00000, 0x0000000088e00000|100%| S|CS|TAMS 0x0000000088d00000, 0x0000000088d00000| Complete 
|  92|0x0000000088e00000, 0x0000000088f00000, 0x0000000088f00000|100%| S|CS|TAMS 0x0000000088e00000, 0x0000000088e00000| Complete 
|  93|0x0000000088f00000, 0x0000000089000000, 0x0000000089000000|100%| S|CS|TAMS 0x0000000088f00000, 0x0000000088f00000| Complete 
|  94|0x0000000089000000, 0x0000000089100000, 0x0000000089100000|100%| S|CS|TAMS 0x0000000089000000, 0x0000000089000000| Complete 
|  95|0x0000000089100000, 0x0000000089200000, 0x0000000089200000|100%| S|CS|TAMS 0x0000000089100000, 0x0000000089100000| Complete 
|  96|0x0000000089200000, 0x0000000089300000, 0x0000000089300000|100%| S|CS|TAMS 0x0000000089200000, 0x0000000089200000| Complete 
| 124|0x000000008ae00000, 0x000000008af00000, 0x000000008af00000|100%| E|CS|TAMS 0x000000008ae00000, 0x000000008ae00000| Complete 
| 125|0x000000008af00000, 0x000000008b000000, 0x000000008b000000|100%| E|CS|TAMS 0x000000008af00000, 0x000000008af00000| Complete 

Card table byte_map: [0x000001b85ee10000,0x000001b85f200000] _byte_map_base: 0x000001b85e9f7000

Marking Bits (Prev, Next): (CMBitMap*) 0x000001b8458cc2f0, (CMBitMap*) 0x000001b8458cc2b0
 Prev Bits: [0x000001b861530000, 0x000001b863468000)
 Next Bits: [0x000001b85f5f0000, 0x000001b861528000)

Polling page: 0x000001b845940000

Metaspace:

Usage:
  Non-class:     18.18 MB used.
      Class:      2.77 MB used.
       Both:     20.95 MB used.

Virtual space:
  Non-class space:       64.00 MB reserved,      18.44 MB ( 29%) committed,  1 nodes.
      Class space:        1.00 GB reserved,       2.94 MB ( <1%) committed,  1 nodes.
             Both:        1.06 GB reserved,      21.38 MB (  2%) committed. 

Chunk freelists:
   Non-Class:  688.00 KB
       Class:  1.08 MB
        Both:  1.75 MB

MaxMetaspaceSize: unlimited
CompressedClassSpaceSize: 1.00 GB
Initial GC threshold: 21.00 MB
Current GC threshold: 35.12 MB
CDS: on
MetaspaceReclaimPolicy: balanced
 - commit_granule_bytes: 65536.
 - commit_granule_words: 8192.
 - virtual_space_node_default_size: 8388608.
 - enlarge_chunks_in_place: 1.
 - new_chunks_are_fully_committed: 0.
 - uncommit_free_chunks: 1.
 - use_allocation_guard: 0.


Internal statistics:

num_allocs_failed_limit: 3.
num_arena_births: 472.
num_arena_deaths: 0.
num_vsnodes_births: 2.
num_vsnodes_deaths: 0.
num_space_committed: 342.
num_space_uncommitted: 0.
num_chunks_returned_to_freelist: 3.
num_chunks_taken_from_freelist: 1087.
num_chunk_merges: 0.
num_chunk_splits: 767.
num_chunks_enlarged: 592.
num_inconsistent_stats: 0.

CodeHeap 'non-profiled nmethods': size=120000Kb used=1558Kb max_used=1558Kb free=118441Kb
 bounds [0x000001b856a90000, 0x000001b856d00000, 0x000001b85dfc0000]
CodeHeap 'profiled nmethods': size=120000Kb used=7012Kb max_used=7012Kb free=112987Kb
 bounds [0x000001b84efc0000, 0x000001b84f6a0000, 0x000001b8564f0000]
CodeHeap 'non-nmethods': size=5760Kb used=1572Kb max_used=1608Kb free=4187Kb
 bounds [0x000001b8564f0000, 0x000001b856760000, 0x000001b856a90000]
 total_blobs=4492 nmethods=3647 adapters=755
 compilation: enabled
              stopped_count=0, restarted_count=0
 full_count=0

Compilation events (20 events):
Event: 18.511 Thread 0x000001b865f4b1c0 3638   !   3       javafx.scene.Node::sceneToLocal (13 bytes)
Event: 18.511 Thread 0x000001b865f4b1c0 nmethod 3638 0x000001b84f693810 code [0x000001b84f6939c0, 0x000001b84f693b48]
Event: 18.511 Thread 0x000001b865f4b1c0 3639       3       javafx.scene.Node::sceneToLocal0 (46 bytes)
Event: 18.512 Thread 0x000001b865f4b1c0 nmethod 3639 0x000001b84f693c10 code [0x000001b84f693f00, 0x000001b84f6956f8]
Event: 18.558 Thread 0x000001b865f4b1c0 3640       3       com.sun.javafx.tk.quantum.QuantumRenderer::checkRendererIdle (147 bytes)
Event: 18.558 Thread 0x000001b865f4b1c0 nmethod 3640 0x000001b84f695d10 code [0x000001b84f695ea0, 0x000001b84f695fb8]
Event: 18.616 Thread 0x000001b865f4b1c0 3641       3       com.sun.glass.ui.View::notifyMouse (221 bytes)
Event: 18.617 Thread 0x000001b865f4b1c0 nmethod 3641 0x000001b84f696090 code [0x000001b84f6963a0, 0x000001b84f6977f8]
Event: 18.617 Thread 0x000001b865f4b1c0 3642       3       com.sun.glass.ui.Window::handleMouseEvent (26 bytes)
Event: 18.618 Thread 0x000001b865f4b1c0 nmethod 3642 0x000001b84f697e10 code [0x000001b84f697fc0, 0x000001b84f698168]
Event: 18.618 Thread 0x000001b865f4b1c0 3643       3       java.util.EnumMap::values (25 bytes)
Event: 18.618 Thread 0x000001b865f4b1c0 nmethod 3643 0x000001b84f698210 code [0x000001b84f6983c0, 0x000001b84f698738]
Event: 18.625 Thread 0x000001b865f3e6e0 3644       4       java.lang.ThreadLocal::get (47 bytes)
Event: 18.630 Thread 0x000001b865f3e6e0 nmethod 3644 0x000001b856c14b90 code [0x000001b856c14d40, 0x000001b856c150a8]
Event: 18.643 Thread 0x000001b865f3e6e0 3645       4       com.sun.javafx.collections.VetoableListDecorator::get (11 bytes)
Event: 18.645 Thread 0x000001b865f3e6e0 nmethod 3645 0x000001b856c15410 code [0x000001b856c155a0, 0x000001b856c156f8]
Event: 20.197 Thread 0x000001b865f4b1c0 3646       3       javafx.beans.property.BooleanPropertyBase::invalidated (1 bytes)
Event: 20.197 Thread 0x000001b865f4b1c0 nmethod 3646 0x000001b84f698890 code [0x000001b84f698a20, 0x000001b84f698b38]
Event: 20.204 Thread 0x000001b865f4b1c0 3647       3       java.util.HashMap::getOrDefault (19 bytes)
Event: 20.204 Thread 0x000001b865f4b1c0 nmethod 3647 0x000001b84f698c10 code [0x000001b84f698dc0, 0x000001b84f698f68]

GC Heap History (6 events):
Event: 1.042 GC heap before
{Heap before GC invocations=0 (full 0):
 garbage-first heap   total 129024K, used 22528K [0x0000000083200000, 0x0000000100000000)
  region size 1024K, 23 young (23552K), 0 survivors (0K)
 Metaspace       used 5151K, committed 5312K, reserved 1114112K
  class space    used 551K, committed 640K, reserved 1048576K
}
Event: 1.046 GC heap after
{Heap after GC invocations=1 (full 0):
 garbage-first heap   total 129024K, used 2944K [0x0000000083200000, 0x0000000100000000)
  region size 1024K, 3 young (3072K), 3 survivors (3072K)
 Metaspace       used 5151K, committed 5312K, reserved 1114112K
  class space    used 551K, committed 640K, reserved 1048576K
}
Event: 1.795 GC heap before
{Heap before GC invocations=1 (full 0):
 garbage-first heap   total 129024K, used 38784K [0x0000000083200000, 0x0000000100000000)
  region size 1024K, 37 young (37888K), 3 survivors (3072K)
 Metaspace       used 14744K, committed 15040K, reserved 1114112K
  class space    used 1833K, committed 1984K, reserved 1048576K
}
Event: 1.801 GC heap after
{Heap after GC invocations=2 (full 0):
 garbage-first heap   total 129024K, used 9935K [0x0000000083200000, 0x0000000100000000)
  region size 1024K, 5 young (5120K), 5 survivors (5120K)
 Metaspace       used 14744K, committed 15040K, reserved 1114112K
  class space    used 1833K, committed 1984K, reserved 1048576K
}
Event: 13.276 GC heap before
{Heap before GC invocations=2 (full 0):
 garbage-first heap   total 129024K, used 41679K [0x0000000083200000, 0x0000000100000000)
  region size 1024K, 34 young (34816K), 5 survivors (5120K)
 Metaspace       used 21143K, committed 21504K, reserved 1114112K
  class space    used 2816K, committed 3008K, reserved 1048576K
}
Event: 13.282 GC heap after
{Heap after GC invocations=3 (full 0):
 garbage-first heap   total 129024K, used 17370K [0x0000000083200000, 0x0000000100000000)
  region size 1024K, 9 young (9216K), 9 survivors (9216K)
 Metaspace       used 21143K, committed 21504K, reserved 1114112K
  class space    used 2816K, committed 3008K, reserved 1048576K
}

Dll operation events (20 events):
Event: 0.742 Loaded shared library C:\Users\Арина\.openjfx\cache\19-ea+7\amd64\api-ms-win-crt-locale-l1-1-0.dll
Event: 0.745 Loaded shared library C:\Users\Арина\.openjfx\cache\19-ea+7\amd64\api-ms-win-crt-math-l1-1-0.dll
Event: 0.749 Loaded shared library C:\Users\Арина\.openjfx\cache\19-ea+7\amd64\api-ms-win-crt-multibyte-l1-1-0.dll
Event: 0.754 Loaded shared library C:\Users\Арина\.openjfx\cache\19-ea+7\amd64\api-ms-win-crt-private-l1-1-0.dll
Event: 0.760 Loaded shared library C:\Users\Арина\.openjfx\cache\19-ea+7\amd64\api-ms-win-crt-process-l1-1-0.dll
Event: 0.766 Loaded shared library C:\Users\Арина\.openjfx\cache\19-ea+7\amd64\api-ms-win-crt-runtime-l1-1-0.dll
Event: 0.770 Loaded shared library C:\Users\Арина\.openjfx\cache\19-ea+7\amd64\api-ms-win-crt-stdio-l1-1-0.dll
Event: 0.773 Loaded shared library C:\Users\Арина\.openjfx\cache\19-ea+7\amd64\api-ms-win-crt-string-l1-1-0.dll
Event: 0.778 Loaded shared library C:\Users\Арина\.openjfx\cache\19-ea+7\amd64\api-ms-win-crt-time-l1-1-0.dll
Event: 0.782 Loaded shared library C:\Users\Арина\.openjfx\cache\19-ea+7\amd64\api-ms-win-crt-utility-l1-1-0.dll
Event: 0.799 Loaded shared library C:\Users\Арина\.openjfx\cache\19-ea+7\amd64\ucrtbase.dll
Event: 0.803 Loaded shared library C:\Users\Арина\.openjfx\cache\19-ea+7\amd64\vcruntime140.dll
Event: 0.805 Loaded shared library C:\Users\Арина\.openjfx\cache\19-ea+7\amd64\vcruntime140_1.dll
Event: 0.814 Loaded shared library C:\Users\Арина\.openjfx\cache\19-ea+7\amd64\msvcp140.dll
Event: 0.866 Loaded shared library C:\Users\Арина\.openjfx\cache\19-ea+7\amd64\prism_d3d.dll
Event: 0.904 Loaded shared library C:\Users\Арина\.openjfx\cache\19-ea+7\amd64\glass.dll
Event: 1.094 Loaded shared library C:\Users\Арина\.jdks\openjdk-19.0.1\bin\verify.dll
Event: 1.102 Loaded shared library C:\Users\Арина\.jdks\openjdk-19.0.1\bin\jimage.dll
Event: 1.165 Loaded shared library C:\Users\Арина\.jdks\openjdk-19.0.1\bin\sunmscapi.dll
Event: 1.705 Loaded shared library C:\Users\Арина\.openjfx\cache\19-ea+7\amd64\javafx_font.dll

Deoptimization events (20 events):
Event: 14.874 Thread 0x000001b86aaa7e40 Uncommon trap: trap_request=0xffffff45 fr.pc=0x000001b856bd6e08 relative=0x0000000000000848
Event: 14.874 Thread 0x000001b86aaa7e40 Uncommon trap: reason=unstable_if action=reinterpret pc=0x000001b856bd6e08 method=com.sun.marlin.MaskMarlinAlphaConsumer.setAndClearRelativeAlphas([I[IIII)V @ 548 c2
Event: 14.874 Thread 0x000001b86aaa7e40 DEOPT PACKING pc=0x000001b856bd6e08 sp=0x000000ac576fdea0
Event: 14.874 Thread 0x000001b86aaa7e40 DEOPT UNPACKING pc=0x000001b85655a5a3 sp=0x000000ac576fddb0 mode 2
Event: 14.877 Thread 0x000001b86aaa7e40 DEOPT PACKING pc=0x000001b84f68ecb2 sp=0x000000ac576fde40
Event: 14.877 Thread 0x000001b86aaa7e40 DEOPT UNPACKING pc=0x000001b85655b0e3 sp=0x000000ac576fd298 mode 0
Event: 14.877 Thread 0x000001b86aaa7e40 DEOPT PACKING pc=0x000001b84f68ecb2 sp=0x000000ac576fde40
Event: 14.877 Thread 0x000001b86aaa7e40 DEOPT UNPACKING pc=0x000001b85655b0e3 sp=0x000000ac576fd298 mode 0
Event: 14.877 Thread 0x000001b86aaa7e40 DEOPT PACKING pc=0x000001b84f68ecb2 sp=0x000000ac576fde40
Event: 14.877 Thread 0x000001b86aaa7e40 DEOPT UNPACKING pc=0x000001b85655b0e3 sp=0x000000ac576fd298 mode 0
Event: 14.877 Thread 0x000001b86aaa7e40 DEOPT PACKING pc=0x000001b84f68ecb2 sp=0x000000ac576fde40
Event: 14.877 Thread 0x000001b86aaa7e40 DEOPT UNPACKING pc=0x000001b85655b0e3 sp=0x000000ac576fd298 mode 0
Event: 14.878 Thread 0x000001b86aaa7e40 DEOPT PACKING pc=0x000001b84f68ecd3 sp=0x000000ac576fde40
Event: 14.878 Thread 0x000001b86aaa7e40 DEOPT UNPACKING pc=0x000001b85655b0e3 sp=0x000000ac576fd2a8 mode 0
Event: 14.878 Thread 0x000001b86aaa7e40 DEOPT PACKING pc=0x000001b84f68ecb2 sp=0x000000ac576fde40
Event: 14.878 Thread 0x000001b86aaa7e40 DEOPT UNPACKING pc=0x000001b85655b0e3 sp=0x000000ac576fd298 mode 0
Event: 14.878 Thread 0x000001b86aaa7e40 DEOPT PACKING pc=0x000001b84f68ecd3 sp=0x000000ac576fde40
Event: 14.878 Thread 0x000001b86aaa7e40 DEOPT UNPACKING pc=0x000001b85655b0e3 sp=0x000000ac576fd2a8 mode 0
Event: 14.878 Thread 0x000001b86aaa7e40 DEOPT PACKING pc=0x000001b84f68ecb2 sp=0x000000ac576fde40
Event: 14.878 Thread 0x000001b86aaa7e40 DEOPT UNPACKING pc=0x000001b85655b0e3 sp=0x000000ac576fd298 mode 0

Classes loaded (20 events):
Event: 8.103 Loading class sun/text/resources/BreakIteratorInfo
Event: 8.103 Loading class sun/text/resources/BreakIteratorInfo done
Event: 8.104 Loading class sun/text/resources/BreakIteratorResources
Event: 8.104 Loading class sun/util/resources/BreakIteratorResourceBundle
Event: 8.104 Loading class sun/util/resources/BreakIteratorResourceBundle done
Event: 8.105 Loading class sun/text/resources/BreakIteratorResources done
Event: 8.105 Loading class sun/util/resources/Bundles$2
Event: 8.105 Loading class sun/util/resources/Bundles$2 done
Event: 8.106 Loading class sun/text/RuleBasedBreakIterator
Event: 8.106 Loading class sun/text/RuleBasedBreakIterator done
Event: 8.107 Loading class sun/text/CompactByteArray
Event: 8.107 Loading class sun/text/CompactByteArray done
Event: 8.107 Loading class sun/text/SupplementaryCharacterData
Event: 8.107 Loading class sun/text/SupplementaryCharacterData done
Event: 8.107 Loading class java/text/BreakIterator$BreakIteratorCache
Event: 8.107 Loading class java/text/BreakIterator$BreakIteratorCache done
Event: 8.107 Loading class java/text/StringCharacterIterator
Event: 8.107 Loading class java/text/StringCharacterIterator done
Event: 53.933 Loading class jdk/internal/misc/Signal$1
Event: 53.933 Loading class jdk/internal/misc/Signal$1 done

Classes unloaded (0 events):
No events

Classes redefined (0 events):
No events

Internal exceptions (20 events):
Event: 1.880 Thread 0x000001b86ab54e20 Exception <a 'java/lang/ClassNotFoundException'{0x000000008acaea98}: com/sun/javafx/scene/control/skin/resources/controls-nt_ru> (0x000000008acaea98) 
thrown [s\open\src\hotspot\share\prims\jni.cpp, line 536]
Event: 1.880 Thread 0x000001b86ab54e20 Exception <a 'java/lang/ClassNotFoundException'{0x000000008acafa58}: com/sun/javafx/scene/control/skin/resources/controls-nt_ru_RU> (0x000000008acafa58) 
thrown [s\open\src\hotspot\share\prims\jni.cpp, line 536]
Event: 1.908 Thread 0x000001b86ab54e20 Implicit null exception at 0x000001b856b0e9d8 to 0x000001b856b0ea6e
Event: 1.910 Thread 0x000001b86ab54e20 Implicit null exception at 0x000001b856b51eac to 0x000001b856b5211c
Event: 1.913 Thread 0x000001b86ab54e20 Implicit null exception at 0x000001b856b4e78c to 0x000001b856b4e960
Event: 1.985 Thread 0x000001b86ab54e20 Implicit null exception at 0x000001b856b04b9e to 0x000001b856b04d50
Event: 2.031 Thread 0x000001b86ab54e20 Exception <a 'java/lang/NoSuchMethodError'{0x000000008a6c1560}: 'java.lang.Object java.lang.invoke.DirectMethodHandle$Holder.invokeInterface(java.lang.Object, java.lang.Object, java.lang.Object)'> (0x000000008a6c1560) 
thrown [s\open\src\hotspot\share\interpreter\linkResolver.cpp, line 774]
Event: 2.032 Thread 0x000001b86ab54e20 Exception <a 'java/lang/IncompatibleClassChangeError'{0x000000008a6c4c30}: Found class java.lang.Object, but interface was expected> (0x000000008a6c4c30) 
thrown [s\open\src\hotspot\share\interpreter\linkResolver.cpp, line 841]
Event: 2.086 Thread 0x000001b86ab54e20 Exception <a 'java/lang/ClassNotFoundException'{0x000000008a347a90}: com/sun/javafx/scene/control/skin/resources/controls> (0x000000008a347a90) 
thrown [s\open\src\hotspot\share\prims\jni.cpp, line 536]
Event: 2.087 Thread 0x000001b86ab54e20 Exception <a 'java/lang/ClassNotFoundException'{0x000000008a355ab0}: com/sun/javafx/scene/control/skin/resources/controls_ru> (0x000000008a355ab0) 
thrown [s\open\src\hotspot\share\prims\jni.cpp, line 536]
Event: 2.087 Thread 0x000001b86ab54e20 Exception <a 'java/lang/ClassNotFoundException'{0x000000008a356a58}: com/sun/javafx/scene/control/skin/resources/controls_ru_RU> (0x000000008a356a58) 
thrown [s\open\src\hotspot\share\prims\jni.cpp, line 536]
Event: 2.132 Thread 0x000001b86ab54e20 Exception <a 'java/lang/NoSuchMethodError'{0x000000008a2d8b80}: 'void java.lang.invoke.DirectMethodHandle$Holder.invokeSpecial(java.lang.Object, java.lang.Object, java.lang.Object, java.lang.Object, java.lang.Object, java.lang.Object)'> (0x000000008a2d8b80) 
thrown [s\open\src\hotspot\share\interpreter\linkResolver.cpp, line 774]
Event: 2.195 Thread 0x000001b86ab54e20 Exception <a 'java/lang/NoSuchMethodError'{0x0000000089e64ba8}: 'void java.lang.invoke.DirectMethodHandle$Holder.invokeSpecialIFC(java.lang.Object, java.lang.Object, java.lang.Object, java.lang.Object)'> (0x0000000089e64ba8) 
thrown [s\open\src\hotspot\share\interpreter\linkResolver.cpp, line 774]
Event: 2.221 Thread 0x000001b86ab54e20 Exception <a 'java/lang/NoSuchMethodError'{0x0000000089d1bd78}: 'int java.lang.invoke.DirectMethodHandle$Holder.invokeSpecial(java.lang.Object, java.lang.Object, int)'> (0x0000000089d1bd78) 
thrown [s\open\src\hotspot\share\interpreter\linkResolver.cpp, line 774]
Event: 2.239 Thread 0x000001b86ab54e20 Exception <a 'java/lang/NoSuchMethodError'{0x0000000089d79bf8}: 'java.lang.Object java.lang.invoke.DirectMethodHandle$Holder.newInvokeSpecial(java.lang.Object, java.lang.Object, int)'> (0x0000000089d79bf8) 
thrown [s\open\src\hotspot\share\interpreter\linkResolver.cpp, line 774]
Event: 2.274 Thread 0x000001b86aaa7e40 Exception <a 'java/lang/NoSuchMethodError'{0x0000000089c6e0c0}: 'int java.lang.invoke.DirectMethodHandle$Holder.invokeStaticInit(java.lang.Object, java.lang.Object)'> (0x0000000089c6e0c0) 
thrown [s\open\src\hotspot\share\interpreter\linkResolver.cpp, line 774]
Event: 4.084 Thread 0x000001b86ab54e20 Exception <a 'java/lang/NoSuchMethodError'{0x00000000897dcc88}: 'long java.lang.invoke.DirectMethodHandle$Holder.invokeStatic(java.lang.Object, java.lang.Object, java.lang.Object)'> (0x00000000897dcc88) 
thrown [s\open\src\hotspot\share\interpreter\linkResolver.cpp, line 774]
Event: 4.084 Thread 0x000001b86ab54e20 Exception <a 'java/lang/NoSuchMethodError'{0x00000000897e0360}: 'long java.lang.invoke.DirectMethodHandle$Holder.invokeStaticInit(java.lang.Object, java.lang.Object, java.lang.Object)'> (0x00000000897e0360) 
thrown [s\open\src\hotspot\share\interpreter\linkResolver.cpp, line 774]
Event: 4.086 Thread 0x000001b86ab54e20 Exception <a 'java/lang/NoSuchMethodError'{0x00000000897f8800}: 'java.lang.Object java.lang.invoke.DirectMethodHandle$Holder.newInvokeSpecial(java.lang.Object, java.lang.Object, long)'> (0x00000000897f8800) 
thrown [s\open\src\hotspot\share\interpreter\linkResolver.cpp, line 774]
Event: 4.087 Thread 0x000001b86ab54e20 Exception <a 'java/lang/NoSuchMethodError'{0x00000000897fc388}: 'java.lang.Object java.lang.invoke.Invokers$Holder.linkToTargetMethod(java.lang.Object, long, java.lang.Object)'> (0x00000000897fc388) 
thrown [s\open\src\hotspot\share\interpreter\linkResolver.cpp, line 774]

VM Operations (20 events):
Event: 10.204 Executing VM operation: Cleanup done
Event: 11.204 Executing VM operation: Cleanup
Event: 11.205 Executing VM operation: Cleanup done
Event: 13.205 Executing VM operation: Cleanup
Event: 13.205 Executing VM operation: Cleanup done
Event: 13.276 Executing VM operation: CollectForMetadataAllocation
Event: 13.283 Executing VM operation: CollectForMetadataAllocation done
Event: 13.289 Executing VM operation: G1PauseRemark
Event: 13.292 Executing VM operation: G1PauseRemark done
Event: 13.293 Executing VM operation: G1PauseCleanup
Event: 13.295 Executing VM operation: G1PauseCleanup done
Event: 14.296 Executing VM operation: Cleanup
Event: 14.296 Executing VM operation: Cleanup done
Event: 14.914 Executing VM operation: HandshakeAllThreads
Event: 14.914 Executing VM operation: HandshakeAllThreads done
Event: 15.914 Executing VM operation: Cleanup
Event: 15.914 Executing VM operation: Cleanup done
Event: 18.915 Executing VM operation: Cleanup
Event: 18.916 Executing VM operation: Cleanup done
Event: 53.936 Executing VM operation: Exit

Events (20 events):
Event: 0.521 Thread 0x000001b86a5e5470 Thread added: 0x000001b86a5e5470
Event: 0.855 Thread 0x000001b86aaa7e40 Thread added: 0x000001b86aaa7e40
Event: 0.906 Thread 0x000001b86ab533e0 Thread added: 0x000001b86ab533e0
Event: 0.910 Thread 0x000001b86ab54e20 Thread added: 0x000001b86ab54e20
Event: 1.010 Thread 0x000001b86fddce20 Thread added: 0x000001b86fddce20
Event: 1.511 Thread 0x000001b86ff08980 Thread added: 0x000001b86ff08980
Event: 1.732 Thread 0x000001b86ff89d00 Thread added: 0x000001b86ff89d00
Event: 2.010 Thread 0x000001b86a3efa90 Thread exited: 0x000001b86a3efa90
Event: 2.354 Thread 0x000001b86ff887c0 Thread added: 0x000001b86ff887c0
Event: 2.430 Thread 0x000001b86a293490 Thread exited: 0x000001b86a293490
Event: 4.466 Thread 0x000001b86ffe2250 Thread added: 0x000001b86ffe2250
Event: 4.706 Thread 0x000001b86ffe2250 Thread exited: 0x000001b86ffe2250
Event: 14.808 Thread 0x000001b870769090 Thread added: 0x000001b870769090
Event: 18.511 Thread 0x000001b870769090 Thread exited: 0x000001b870769090
Event: 53.934 Thread 0x000001b86ff8a250 Thread added: 0x000001b86ff8a250
Event: 53.934 Thread 0x000001b86ff88d10 Thread added: 0x000001b86ff88d10
Event: 53.934 Thread 0x000001b86ff89260 Thread added: 0x000001b86ff89260
Event: 53.935 Thread 0x000001b86ff88d10 Thread exited: 0x000001b86ff88d10
Event: 53.936 Thread 0x000001b86ff89260 Thread exited: 0x000001b86ff89260
Event: 53.936 Thread 0x000001b865f2fc40 Thread exited: 0x000001b865f2fc40


Dynamic libraries:
0x00007ff65a990000 - 0x00007ff65a99e000 	C:\Users\Арина\.jdks\openjdk-19.0.1\bin\java.exe
0x00007ffa90790000 - 0x00007ffa90988000 	C:\WINDOWS\SYSTEM32\ntdll.dll
0x00007ffa903f0000 - 0x00007ffa904af000 	C:\WINDOWS\System32\KERNEL32.DLL
0x00007ffa8e3a0000 - 0x00007ffa8e672000 	C:\WINDOWS\System32\KERNELBASE.dll
0x00007ffa8e6e0000 - 0x00007ffa8e7e0000 	C:\WINDOWS\System32\ucrtbase.dll
0x00007ffa7fb70000 - 0x00007ffa7fb87000 	C:\Users\Арина\.jdks\openjdk-19.0.1\bin\jli.dll
0x00007ffa753d0000 - 0x00007ffa753eb000 	C:\Users\Арина\.jdks\openjdk-19.0.1\bin\VCRUNTIME140.dll
0x00007ffa8fc00000 - 0x00007ffa8fd9d000 	C:\WINDOWS\System32\USER32.dll
0x00007ffa8e680000 - 0x00007ffa8e6a2000 	C:\WINDOWS\System32\win32u.dll
0x00007ffa8e7e0000 - 0x00007ffa8e80b000 	C:\WINDOWS\System32\GDI32.dll
0x00007ffa8e290000 - 0x00007ffa8e39f000 	C:\WINDOWS\System32\gdi32full.dll
0x00007ffa8df40000 - 0x00007ffa8dfdd000 	C:\WINDOWS\System32\msvcp_win.dll
0x00007ffa70350000 - 0x00007ffa705ea000 	C:\WINDOWS\WinSxS\amd64_microsoft.windows.common-controls_6595b64144ccf1df_6.0.19041.1110_none_60b5254171f9507e\COMCTL32.dll
0x00007ffa8eb70000 - 0x00007ffa8ec0e000 	C:\WINDOWS\System32\msvcrt.dll
0x00007ffa8eb30000 - 0x00007ffa8eb62000 	C:\WINDOWS\System32\IMM32.DLL
0x00007ffa877c0000 - 0x00007ffa877cc000 	C:\Users\Арина\.jdks\openjdk-19.0.1\bin\vcruntime140_1.dll
0x00007ffa5dfc0000 - 0x00007ffa5e04e000 	C:\Users\Арина\.jdks\openjdk-19.0.1\bin\msvcp140.dll
0x00007ffa48100000 - 0x00007ffa48dc0000 	C:\Users\Арина\.jdks\openjdk-19.0.1\bin\server\jvm.dll
0x00007ffa8f400000 - 0x00007ffa8f4ae000 	C:\WINDOWS\System32\ADVAPI32.dll
0x00007ffa906b0000 - 0x00007ffa9074c000 	C:\WINDOWS\System32\sechost.dll
0x00007ffa90510000 - 0x00007ffa90635000 	C:\WINDOWS\System32\RPCRT4.dll
0x00007ffa70180000 - 0x00007ffa701a7000 	C:\WINDOWS\SYSTEM32\WINMM.dll
0x00007ffa8db00000 - 0x00007ffa8db0a000 	C:\WINDOWS\SYSTEM32\VERSION.dll
0x00007ffa87860000 - 0x00007ffa87869000 	C:\WINDOWS\SYSTEM32\WSOCK32.dll
0x00007ffa90640000 - 0x00007ffa906ab000 	C:\WINDOWS\System32\WS2_32.dll
0x00007ffa8c670000 - 0x00007ffa8c682000 	C:\WINDOWS\SYSTEM32\kernel.appcore.dll
0x00007ffa869f0000 - 0x00007ffa869fa000 	C:\Users\Арина\.jdks\openjdk-19.0.1\bin\jimage.dll
0x00007ffa8bbe0000 - 0x00007ffa8bdc4000 	C:\WINDOWS\SYSTEM32\DBGHELP.DLL
0x00007ffa860d0000 - 0x00007ffa860fc000 	C:\WINDOWS\SYSTEM32\dbgcore.DLL
0x00007ffa8e140000 - 0x00007ffa8e1c2000 	C:\WINDOWS\System32\bcryptPrimitives.dll
0x00007ffa6f580000 - 0x00007ffa6f58e000 	C:\Users\Арина\.jdks\openjdk-19.0.1\bin\instrument.dll
0x00007ffa652e0000 - 0x00007ffa65306000 	C:\Users\Арина\.jdks\openjdk-19.0.1\bin\java.dll
0x00007ffa4e140000 - 0x00007ffa4e217000 	C:\Users\Арина\.jdks\openjdk-19.0.1\bin\jsvml.dll
0x00007ffa8f4b0000 - 0x00007ffa8fbf3000 	C:\WINDOWS\System32\SHELL32.dll
0x00007ffa8bec0000 - 0x00007ffa8c652000 	C:\WINDOWS\SYSTEM32\windows.storage.dll
0x00007ffa8f080000 - 0x00007ffa8f3d4000 	C:\WINDOWS\System32\combase.dll
0x00007ffa8d7a0000 - 0x00007ffa8d7d0000 	C:\WINDOWS\SYSTEM32\Wldp.dll
0x00007ffa8fed0000 - 0x00007ffa8ff7d000 	C:\WINDOWS\System32\SHCORE.dll
0x00007ffa8e910000 - 0x00007ffa8e965000 	C:\WINDOWS\System32\shlwapi.dll
0x00007ffa8ddd0000 - 0x00007ffa8ddef000 	C:\WINDOWS\SYSTEM32\profapi.dll
0x00007ffa652c0000 - 0x00007ffa652d3000 	C:\Users\Арина\.jdks\openjdk-19.0.1\bin\net.dll
0x00007ffa83170000 - 0x00007ffa8327c000 	C:\WINDOWS\SYSTEM32\WINHTTP.dll
0x00007ffa8d500000 - 0x00007ffa8d56a000 	C:\WINDOWS\system32\mswsock.dll
0x00007ffa63260000 - 0x00007ffa63276000 	C:\Users\Арина\.jdks\openjdk-19.0.1\bin\nio.dll
0x00007ffa60100000 - 0x00007ffa60118000 	C:\Users\Арина\.jdks\openjdk-19.0.1\bin\zip.dll
0x00007ffa62720000 - 0x00007ffa6273a000 	C:\Program Files\JetBrains\IntelliJ IDEA 2022.2.4\bin\breakgen64.dll
0x000001b865fa0000 - 0x000001b865fa3000 	C:\Users\Арина\.openjfx\cache\19-ea+7\amd64\api-ms-win-core-console-l1-1-0.dll
0x000001b865fb0000 - 0x000001b865fb3000 	C:\Users\Арина\.openjfx\cache\19-ea+7\amd64\api-ms-win-core-console-l1-2-0.dll
0x000001b865fc0000 - 0x000001b865fc3000 	C:\Users\Арина\.openjfx\cache\19-ea+7\amd64\api-ms-win-core-datetime-l1-1-0.dll
0x000001b865fd0000 - 0x000001b865fd3000 	C:\Users\Арина\.openjfx\cache\19-ea+7\amd64\api-ms-win-core-debug-l1-1-0.dll
0x000001b865fe0000 - 0x000001b865fe3000 	C:\Users\Арина\.openjfx\cache\19-ea+7\amd64\api-ms-win-core-errorhandling-l1-1-0.dll
0x000001b865ff0000 - 0x000001b865ff4000 	C:\Users\Арина\.openjfx\cache\19-ea+7\amd64\api-ms-win-core-file-l1-1-0.dll
0x000001b86ad10000 - 0x000001b86ad13000 	C:\Users\Арина\.openjfx\cache\19-ea+7\amd64\api-ms-win-core-file-l1-2-0.dll
0x000001b86ad20000 - 0x000001b86ad23000 	C:\Users\Арина\.openjfx\cache\19-ea+7\amd64\api-ms-win-core-file-l2-1-0.dll
0x000001b86ad30000 - 0x000001b86ad33000 	C:\Users\Арина\.openjfx\cache\19-ea+7\amd64\api-ms-win-core-handle-l1-1-0.dll
0x000001b86ad40000 - 0x000001b86ad43000 	C:\Users\Арина\.openjfx\cache\19-ea+7\amd64\api-ms-win-core-heap-l1-1-0.dll
0x000001b86ad50000 - 0x000001b86ad53000 	C:\Users\Арина\.openjfx\cache\19-ea+7\amd64\api-ms-win-core-interlocked-l1-1-0.dll
0x000001b86ad60000 - 0x000001b86ad63000 	C:\Users\Арина\.openjfx\cache\19-ea+7\amd64\api-ms-win-core-libraryloader-l1-1-0.dll
0x000001b86ad70000 - 0x000001b86ad73000 	C:\Users\Арина\.openjfx\cache\19-ea+7\amd64\api-ms-win-core-localization-l1-2-0.dll
0x000001b86ad80000 - 0x000001b86ad83000 	C:\Users\Арина\.openjfx\cache\19-ea+7\amd64\api-ms-win-core-memory-l1-1-0.dll
0x000001b86ad90000 - 0x000001b86ad93000 	C:\Users\Арина\.openjfx\cache\19-ea+7\amd64\api-ms-win-core-namedpipe-l1-1-0.dll
0x000001b86ada0000 - 0x000001b86ada3000 	C:\Users\Арина\.openjfx\cache\19-ea+7\amd64\api-ms-win-core-processenvironment-l1-1-0.dll
0x000001b86adb0000 - 0x000001b86adb3000 	C:\Users\Арина\.openjfx\cache\19-ea+7\amd64\api-ms-win-core-processthreads-l1-1-0.dll
0x000001b86adc0000 - 0x000001b86adc3000 	C:\Users\Арина\.openjfx\cache\19-ea+7\amd64\api-ms-win-core-processthreads-l1-1-1.dll
0x000001b86add0000 - 0x000001b86add3000 	C:\Users\Арина\.openjfx\cache\19-ea+7\amd64\api-ms-win-core-profile-l1-1-0.dll
0x000001b86ade0000 - 0x000001b86ade3000 	C:\Users\Арина\.openjfx\cache\19-ea+7\amd64\api-ms-win-core-rtlsupport-l1-1-0.dll
0x000001b86adf0000 - 0x000001b86adf3000 	C:\Users\Арина\.openjfx\cache\19-ea+7\amd64\api-ms-win-core-string-l1-1-0.dll
0x000001b86ae00000 - 0x000001b86ae03000 	C:\Users\Арина\.openjfx\cache\19-ea+7\amd64\api-ms-win-core-synch-l1-1-0.dll
0x000001b86ae10000 - 0x000001b86ae13000 	C:\Users\Арина\.openjfx\cache\19-ea+7\amd64\api-ms-win-core-synch-l1-2-0.dll
0x000001b86ae20000 - 0x000001b86ae23000 	C:\Users\Арина\.openjfx\cache\19-ea+7\amd64\api-ms-win-core-sysinfo-l1-1-0.dll
0x000001b86ae30000 - 0x000001b86ae33000 	C:\Users\Арина\.openjfx\cache\19-ea+7\amd64\api-ms-win-core-timezone-l1-1-0.dll
0x000001b86ae40000 - 0x000001b86ae43000 	C:\Users\Арина\.openjfx\cache\19-ea+7\amd64\api-ms-win-core-util-l1-1-0.dll
0x000001b86ae50000 - 0x000001b86ae53000 	C:\Users\Арина\.openjfx\cache\19-ea+7\amd64\api-ms-win-crt-conio-l1-1-0.dll
0x000001b86ae60000 - 0x000001b86ae64000 	C:\Users\Арина\.openjfx\cache\19-ea+7\amd64\api-ms-win-crt-convert-l1-1-0.dll
0x000001b86ae70000 - 0x000001b86ae73000 	C:\Users\Арина\.openjfx\cache\19-ea+7\amd64\api-ms-win-crt-environment-l1-1-0.dll
0x000001b86ae80000 - 0x000001b86ae83000 	C:\Users\Арина\.openjfx\cache\19-ea+7\amd64\api-ms-win-crt-filesystem-l1-1-0.dll
0x000001b86ae90000 - 0x000001b86ae93000 	C:\Users\Арина\.openjfx\cache\19-ea+7\amd64\api-ms-win-crt-heap-l1-1-0.dll
0x000001b86aea0000 - 0x000001b86aea3000 	C:\Users\Арина\.openjfx\cache\19-ea+7\amd64\api-ms-win-crt-locale-l1-1-0.dll
0x000001b86aeb0000 - 0x000001b86aeb5000 	C:\Users\Арина\.openjfx\cache\19-ea+7\amd64\api-ms-win-crt-math-l1-1-0.dll
0x000001b86aec0000 - 0x000001b86aec5000 	C:\Users\Арина\.openjfx\cache\19-ea+7\amd64\api-ms-win-crt-multibyte-l1-1-0.dll
0x000001b86aed0000 - 0x000001b86aee0000 	C:\Users\Арина\.openjfx\cache\19-ea+7\amd64\api-ms-win-crt-private-l1-1-0.dll
0x000001b86aee0000 - 0x000001b86aee3000 	C:\Users\Арина\.openjfx\cache\19-ea+7\amd64\api-ms-win-crt-process-l1-1-0.dll
0x000001b86aef0000 - 0x000001b86aef4000 	C:\Users\Арина\.openjfx\cache\19-ea+7\amd64\api-ms-win-crt-runtime-l1-1-0.dll
0x000001b86af00000 - 0x000001b86af04000 	C:\Users\Арина\.openjfx\cache\19-ea+7\amd64\api-ms-win-crt-stdio-l1-1-0.dll
0x000001b86af10000 - 0x000001b86af14000 	C:\Users\Арина\.openjfx\cache\19-ea+7\amd64\api-ms-win-crt-string-l1-1-0.dll
0x000001b86af20000 - 0x000001b86af23000 	C:\Users\Арина\.openjfx\cache\19-ea+7\amd64\api-ms-win-crt-time-l1-1-0.dll
0x000001b86af30000 - 0x000001b86af33000 	C:\Users\Арина\.openjfx\cache\19-ea+7\amd64\api-ms-win-crt-utility-l1-1-0.dll
0x00007ffa4ef20000 - 0x00007ffa4f01c000 	C:\Users\Арина\.openjfx\cache\19-ea+7\amd64\ucrtbase.dll
0x00007ffa86a40000 - 0x00007ffa86a5b000 	C:\Users\Арина\.openjfx\cache\19-ea+7\amd64\vcruntime140.dll
0x00007ffa8a930000 - 0x00007ffa8a93c000 	C:\Users\Арина\.openjfx\cache\19-ea+7\amd64\vcruntime140_1.dll
0x00007ffa74c10000 - 0x00007ffa74c9e000 	C:\Users\Арина\.openjfx\cache\19-ea+7\amd64\msvcp140.dll
0x00007ffa81960000 - 0x00007ffa8198c000 	C:\Users\Арина\.openjfx\cache\19-ea+7\amd64\prism_d3d.dll
0x00007ffa5e080000 - 0x00007ffa5e24f000 	C:\WINDOWS\system32\d3d9.dll
0x00007ffa8b760000 - 0x00007ffa8b78f000 	C:\WINDOWS\SYSTEM32\dwmapi.dll
0x00007ffa8b470000 - 0x00007ffa8b50e000 	C:\WINDOWS\system32\uxtheme.dll
0x00007ffa50750000 - 0x00007ffa508b5000 	C:\WINDOWS\System32\DriverStore\FileRepository\iigd_dch.inf_amd64_4b31d9b38e2bb506\igdumdim64.dll
0x00007ffa8fda0000 - 0x00007ffa8feca000 	C:\WINDOWS\System32\ole32.dll
0x00007ffa221f0000 - 0x00007ffa25e7b000 	C:\WINDOWS\System32\DriverStore\FileRepository\iigd_dch.inf_amd64_4b31d9b38e2bb506\igd9dxva64.dll
0x00007ffa90210000 - 0x00007ffa902dd000 	C:\WINDOWS\System32\OLEAUT32.dll
0x00007ffa8ec10000 - 0x00007ffa8f078000 	C:\WINDOWS\System32\SETUPAPI.dll
0x00007ffa8e1d0000 - 0x00007ffa8e21e000 	C:\WINDOWS\System32\cfgmgr32.dll
0x00007ffa8e6b0000 - 0x00007ffa8e6d7000 	C:\WINDOWS\System32\bcrypt.dll
0x00007ffa79230000 - 0x00007ffa79566000 	C:\WINDOWS\System32\DriverStore\FileRepository\iigd_dch.inf_amd64_4b31d9b38e2bb506\igdgmm64.dll
0x00007ffa6e930000 - 0x00007ffa6e972000 	C:\Users\Арина\.openjfx\cache\19-ea+7\amd64\glass.dll
0x00007ffa8e810000 - 0x00007ffa8e8ea000 	C:\WINDOWS\System32\COMDLG32.dll
0x00007ffa90030000 - 0x00007ffa90145000 	C:\WINDOWS\System32\MSCTF.dll
0x00007ffa67b10000 - 0x00007ffa67b37000 	C:\WINDOWS\System32\DriverStore\FileRepository\iigd_dch.inf_amd64_4b31d9b38e2bb506\igdinfo64.dll
0x00007ffa8d6f0000 - 0x00007ffa8d708000 	C:\WINDOWS\SYSTEM32\CRYPTSP.dll
0x00007ffa8ce20000 - 0x00007ffa8ce54000 	C:\WINDOWS\system32\rsaenh.dll
0x00007ffa8d710000 - 0x00007ffa8d71c000 	C:\WINDOWS\SYSTEM32\CRYPTBASE.dll
0x00007ffa762e0000 - 0x00007ffa7906f000 	C:\WINDOWS\System32\DriverStore\FileRepository\iigd_dch.inf_amd64_4b31d9b38e2bb506\igc64.dll
0x00007ffa799a0000 - 0x00007ffa799db000 	C:\WINDOWS\SYSTEM32\dxcore.dll
0x00007ffa74b30000 - 0x00007ffa74b40000 	C:\Users\Арина\.jdks\openjdk-19.0.1\bin\verify.dll
0x00007ffa6f960000 - 0x00007ffa6f96e000 	C:\Users\Арина\.jdks\openjdk-19.0.1\bin\sunmscapi.dll
0x00007ffa8dfe0000 - 0x00007ffa8e136000 	C:\WINDOWS\System32\CRYPT32.dll
0x00007ffa8d810000 - 0x00007ffa8d837000 	C:\WINDOWS\SYSTEM32\ncrypt.dll
0x00007ffa8d7d0000 - 0x00007ffa8d80b000 	C:\WINDOWS\SYSTEM32\NTASN1.dll
0x00007ffa8dd50000 - 0x00007ffa8dd7e000 	C:\WINDOWS\SYSTEM32\USERENV.dll
0x00007ffa8d1f0000 - 0x00007ffa8d22b000 	C:\WINDOWS\SYSTEM32\IPHLPAPI.DLL
0x00007ffa8e900000 - 0x00007ffa8e908000 	C:\WINDOWS\System32\NSI.dll
0x00007ffa847a0000 - 0x00007ffa847b7000 	C:\WINDOWS\SYSTEM32\dhcpcsvc6.DLL
0x00007ffa853c0000 - 0x00007ffa853dd000 	C:\WINDOWS\SYSTEM32\dhcpcsvc.DLL
0x00007ffa8d230000 - 0x00007ffa8d2fa000 	C:\WINDOWS\SYSTEM32\DNSAPI.dll
0x00007ffa830d0000 - 0x00007ffa830da000 	C:\Windows\System32\rasadhlp.dll
0x00007ffa830f0000 - 0x00007ffa83170000 	C:\WINDOWS\System32\fwpuclnt.dll
0x00007ffa86190000 - 0x00007ffa861a4000 	C:\Users\Арина\.openjfx\cache\19-ea+7\amd64\javafx_font.dll
0x00007ffa6f9f0000 - 0x00007ffa6fc6f000 	C:\WINDOWS\SYSTEM32\dwrite.dll
0x00007ffa8ff80000 - 0x00007ffa9002f000 	C:\WINDOWS\System32\clbcatq.dll

dbghelp: loaded successfully - version: 4.0.5 - missing functions: none
symbol engine: initialized successfully - sym options: 0x614 - pdb path: .;C:\Users\Арина\.jdks\openjdk-19.0.1\bin;C:\WINDOWS\SYSTEM32;C:\WINDOWS\WinSxS\amd64_microsoft.windows.common-controls_6595b64144ccf1df_6.0.19041.1110_none_60b5254171f9507e;C:\Users\Арина\.jdks\openjdk-19.0.1\bin\server;C:\Program Files\JetBrains\IntelliJ IDEA 2022.2.4\bin;C:\Users\Арина\.openjfx\cache\19-ea+7\amd64;C:\WINDOWS\System32\DriverStore\FileRepository\iigd_dch.inf_amd64_4b31d9b38e2bb506;C:\Program Files\Common Files\Microsoft Shared\Ink

VM Arguments:
jvm_args: -javaagent:C:\Program Files\JetBrains\IntelliJ IDEA 2022.2.4\lib\idea_rt.jar=59184:C:\Program Files\JetBrains\IntelliJ IDEA 2022.2.4\bin -Dfile.encoding=UTF-8 -Dsun.stdout.encoding=UTF-8 -Dsun.stderr.encoding=UTF-8 --module-path=C:\Users\Арина\.m2\repository\org\projectlombok\lombok\1.18.24\lombok-1.18.24.jar;C:\Users\Арина\IdeaProjects\GKA_interface\target\classes;C:\Users\Арина\.m2\repository\org\apache\httpcomponents\httpclient\4.5.13\httpclient-4.5.13.jar;C:\Users\Арина\.m2\repository\org\openjfx\javafx-fxml\19-ea+7\javafx-fxml-19-ea+7-win.jar;C:\Users\Арина\.m2\repository\org\apache\httpcomponents\httpcore\4.4.13\httpcore-4.4.13.jar;C:\Users\Арина\.m2\repository\org\openjfx\javafx-graphics\19-ea+7\javafx-graphics-19-ea+7-win.jar;C:\Users\Арина\.m2\repository\org\openjfx\javafx-base\19-ea+7\javafx-base-19-ea+7-win.jar;C:\Users\Арина\.m2\repository\com\google\code\gson\gson\2.10\gson-2.10.jar;C:\Users\Арина\.m2\repository\org\openjfx\javafx-controls\19-ea+7\javafx-controls-19-ea+7-win.jar -Djdk.module.main=com.example.gka_interface 
java_command: com.example.gka_interface/com.example.gka_interface.HelloApplication
java_class_path (initial): C:\Users\Арина\.m2\repository\org\openjfx\javafx-controls\19-ea+7\javafx-controls-19-ea+7.jar;C:\Users\Арина\.m2\repository\org\openjfx\javafx-graphics\19-ea+7\javafx-graphics-19-ea+7.jar;C:\Users\Арина\.m2\repository\org\openjfx\javafx-base\19-ea+7\javafx-base-19-ea+7.jar;C:\Users\Арина\.m2\repository\org\openjfx\javafx-fxml\19-ea+7\javafx-fxml-19-ea+7.jar;C:\Users\Арина\.m2\repository\commons-logging\commons-logging\1.2\commons-logging-1.2.jar;C:\Users\Арина\.m2\repository\commons-codec\commons-codec\1.11\commons-codec-1.11.jar
Launcher Type: SUN_STANDARD

[Global flags]
     intx CICompilerCount                          = 4                                         {product} {ergonomic}
     uint ConcGCThreads                            = 2                                         {product} {ergonomic}
     uint G1ConcRefinementThreads                  = 8                                         {product} {ergonomic}
   size_t G1HeapRegionSize                         = 1048576                                   {product} {ergonomic}
    uintx GCDrainStackTargetSize                   = 64                                        {product} {ergonomic}
   size_t InitialHeapSize                          = 132120576                                 {product} {ergonomic}
   size_t MarkStackSize                            = 4194304                                   {product} {ergonomic}
   size_t MaxHeapSize                              = 2095054848                                {product} {ergonomic}
   size_t MaxNewSize                               = 1256194048                                {product} {ergonomic}
   size_t MinHeapDeltaBytes                        = 1048576                                   {product} {ergonomic}
   size_t MinHeapSize                              = 8388608                                   {product} {ergonomic}
    uintx NonNMethodCodeHeapSize                   = 5839372                                {pd product} {ergonomic}
    uintx NonProfiledCodeHeapSize                  = 122909434                              {pd product} {ergonomic}
    uintx ProfiledCodeHeapSize                     = 122909434                              {pd product} {ergonomic}
    uintx ReservedCodeCacheSize                    = 251658240                              {pd product} {ergonomic}
     bool SegmentedCodeCache                       = true                                      {product} {ergonomic}
   size_t SoftMaxHeapSize                          = 2095054848                             {manageable} {ergonomic}
     bool UseCompressedClassPointers               = true                           {product lp64_product} {ergonomic}
     bool UseCompressedOops                        = true                           {product lp64_product} {ergonomic}
     bool UseG1GC                                  = true                                      {product} {ergonomic}
     bool UseLargePagesIndividualAllocation        = false                                  {pd product} {ergonomic}

Logging:
Log output configuration:
 #0: stdout all=off uptime,level,tags foldmultilines=false
 #1: stderr all=off uptime,level,tags foldmultilines=false

Environment Variables:
PATH=C:\Program Files (x86)\Common Files\Oracle\Java\javapath;C:\WINDOWS\system32;C:\WINDOWS;C:\WINDOWS\System32\Wbem;C:\WINDOWS\System32\WindowsPowerShell\v1.0\;C:\WINDOWS\System32\OpenSSH\;C:\Program Files\Git\cmd;C:\Users\Арина\AppData\Local\Microsoft\WindowsApps;C:\Users\Арина\AppData\Local\Programs\Microsoft VS Code\bin;C:\altera\13.1\modelsim_ase\win32aloem;C:\Users\Арина\AppData\Local\GitHubDesktop\bin
USERNAME=Арина
OS=Windows_NT
PROCESSOR_IDENTIFIER=Intel64 Family 6 Model 126 Stepping 5, GenuineIntel
TMP=C:\Users\F730~1\AppData\Local\Temp
TEMP=C:\Users\F730~1\AppData\Local\Temp



---------------  S Y S T E M  ---------------

OS:
 Windows 10 , 64 bit Build 19041 (10.0.19041.2251)
OS uptime: 26 days 2:41 hours

CPU: total 8 (initial active 8) (4 cores per cpu, 2 threads per core) family 6 model 126 stepping 5 microcode 0x70, cx8, cmov, fxsr, ht, mmx, 3dnowpref, sse, sse2, sse3, ssse3, sse4.1, sse4.2, popcnt, lzcnt, tsc, tscinvbit, avx, avx2, aes, erms, clmul, bmi1, bmi2, adx, avx512f, avx512dq, avx512cd, avx512bw, avx512vl, sha, fma, vzeroupper, avx512_vpopcntdq, avx512_vpclmulqdq, avx512_vaes, avx512_vnni, clflush, clflushopt, avx512_vbmi2, avx512_vbmi, rdtscp, rdpid, fsrm, gfni, avx512_bitalg

Memory: 4k page, system-wide physical 7987M (556M free)
TotalPageFile size 21759M (AvailPageFile size 3311M)
current process WorkingSet (physical memory assigned to process): 177M, peak: 220M
current process commit charge ("private bytes"): 253M, peak: 331M

vm_info: OpenJDK 64-Bit Server VM (19.0.1+10-21) for windows-amd64 JRE (19.0.1+10-21), built on 2022-09-14T12:45:06Z by "mach5one" with MS VC++ 17.1 (VS2022)

END.
